<?xml version="1.0" encoding="utf-8" ?>
<!DOCTYPE html PUBLIC "-//W3C//DTD XHTML 1.0 Strict//EN"
        "http://www.w3.org/TR/xhtml1/DTD/xhtml1-strict.dtd">
<html xmlns="http://www.w3.org/1999/xhtml" xml:lang="" lang="">
<head>
  <title>Test Results Report - Functional Run</title>
  <meta http-equiv="Content-Type" content="text/html;charset=utf-8" />
  <meta name="description" content="TestNG unit test results." />
  <link href="reportng.css" rel="stylesheet" type="text/css" />
    <script type="text/javascript" src="reportng.js"></script>
</head>
<body>
<h1>Functional Run</h1>
<p>
  Test duration: 1482,075s
</p>



  <table class="resultsTable">
    <tr><th colspan="3" class="header failed">Failed Tests</th></tr>
          <tr>
        <td colspan="3" class="group">Test_Neg_CreateWM</td>
      </tr>
            
<tr>
  <td class="method">
                  createWMnegative
      </td>
  <td class="duration">
    34,907s
  </td>
  <td class="result">
        
    
        

        <a href="javascript:toggleElement('exception-0', 'block')" title="Click to expand/collapse"><b>org.openqa.selenium.TimeoutException: Expected condition failed: Element was not found (tried for 30 second(s) with 500 MILLISECONDS interval)<br/>
Build info: version: &apos;3.6.0&apos;, revision: &apos;6fbf3ec767&apos;, time: &apos;2017-09-27T15:28:36.4Z&apos;<br/>
System info: host: &apos;IMOBILKO-ПК&apos;, ip: &apos;10.8.0.27&apos;, os.name: &apos;Windows 7&apos;, os.arch: &apos;amd64&apos;, os.version: &apos;6.1&apos;, java.version: &apos;1.8.0_144&apos;<br/>
Driver info: driver.version: unknown</b></a><br />
    <div class="stackTrace" id="exception-0">
              org.openqa.selenium.support.ui.FluentWait.timeoutException(FluentWait.java:263)<br />
              org.openqa.selenium.support.ui.FluentWait.until(FluentWait.java:231)<br />
              pageobjects.HeaderMenu.getAvailableLanguages(HeaderMenu.java:60)<br />
              Test_Neg_CreateWM.createWMnegative(Test_Neg_CreateWM.java:38)<br />
              sun.reflect.NativeMethodAccessorImpl.invoke0(Native Method)<br />
              sun.reflect.NativeMethodAccessorImpl.invoke(NativeMethodAccessorImpl.java:62)<br />
              sun.reflect.DelegatingMethodAccessorImpl.invoke(DelegatingMethodAccessorImpl.java:43)<br />
              java.lang.reflect.Method.invoke(Method.java:498)<br />
              org.testng.internal.MethodInvocationHelper.invokeMethod(MethodInvocationHelper.java:108)<br />
              org.testng.internal.Invoker.invokeMethod(Invoker.java:661)<br />
              org.testng.internal.Invoker.invokeTestMethod(Invoker.java:869)<br />
              org.testng.internal.Invoker.invokeTestMethods(Invoker.java:1193)<br />
              org.testng.internal.TestMethodWorker.invokeTestMethods(TestMethodWorker.java:126)<br />
              org.testng.internal.TestMethodWorker.run(TestMethodWorker.java:109)<br />
              org.testng.TestRunner.privateRun(TestRunner.java:744)<br />
              org.testng.TestRunner.run(TestRunner.java:602)<br />
              org.testng.SuiteRunner.runTest(SuiteRunner.java:380)<br />
              org.testng.SuiteRunner.runSequentially(SuiteRunner.java:375)<br />
              org.testng.SuiteRunner.privateRun(SuiteRunner.java:340)<br />
              org.testng.SuiteRunner.run(SuiteRunner.java:289)<br />
              org.testng.SuiteRunnerWorker.runSuite(SuiteRunnerWorker.java:52)<br />
              org.testng.SuiteRunnerWorker.run(SuiteRunnerWorker.java:86)<br />
              org.testng.TestNG.runSuitesSequentially(TestNG.java:1301)<br />
              org.testng.TestNG.runSuitesLocally(TestNG.java:1226)<br />
              org.testng.TestNG.runSuites(TestNG.java:1144)<br />
              org.testng.TestNG.run(TestNG.java:1115)<br />
              org.testng.IDEARemoteTestNG.run(IDEARemoteTestNG.java:72)<br />
              org.testng.RemoteTestNGStarter.main(RemoteTestNGStarter.java:123)<br />
                </div>
      </td>
</tr>
          <tr>
        <td colspan="3" class="group">Test_Neg_LogIn</td>
      </tr>
            
<tr>
  <td class="method">
                  logInNegative
      </td>
  <td class="duration">
    22,044s
  </td>
  <td class="result">
        
    
        

        <a href="javascript:toggleElement('exception-1', 'block')" title="Click to expand/collapse"><b>java.lang.AssertionError: The following asserts failed:<br/>
	expected [Incorrect email] but found [User with e-mail does not exist],<br/>
	expected [Incorrect password] but found [User with e-mail does not exist],<br/>
	expected [Неверный email] but found [Пользователей с электронной почтой не существует],<br/>
	expected [Nieprawidłowy email] but found [Użytkownik zarejestrowany jako nie istnieje],<br/>
	expected [Falsche e-Mail-Adresse] but found [Benutzer mit dieser E-Mail existiert nicht]</b></a><br />
    <div class="stackTrace" id="exception-1">
              actions.Verifier.assertTestPassed(Verifier.java:167)<br />
              Test_Neg_LogIn.logInNegative(Test_Neg_LogIn.java:70)<br />
              sun.reflect.NativeMethodAccessorImpl.invoke0(Native Method)<br />
              sun.reflect.NativeMethodAccessorImpl.invoke(NativeMethodAccessorImpl.java:62)<br />
              sun.reflect.DelegatingMethodAccessorImpl.invoke(DelegatingMethodAccessorImpl.java:43)<br />
              java.lang.reflect.Method.invoke(Method.java:498)<br />
              org.testng.internal.MethodInvocationHelper.invokeMethod(MethodInvocationHelper.java:108)<br />
              org.testng.internal.Invoker.invokeMethod(Invoker.java:661)<br />
              org.testng.internal.Invoker.invokeTestMethod(Invoker.java:869)<br />
              org.testng.internal.Invoker.invokeTestMethods(Invoker.java:1193)<br />
              org.testng.internal.TestMethodWorker.invokeTestMethods(TestMethodWorker.java:126)<br />
              org.testng.internal.TestMethodWorker.run(TestMethodWorker.java:109)<br />
              org.testng.TestRunner.privateRun(TestRunner.java:744)<br />
              org.testng.TestRunner.run(TestRunner.java:602)<br />
              org.testng.SuiteRunner.runTest(SuiteRunner.java:380)<br />
              org.testng.SuiteRunner.runSequentially(SuiteRunner.java:375)<br />
              org.testng.SuiteRunner.privateRun(SuiteRunner.java:340)<br />
              org.testng.SuiteRunner.run(SuiteRunner.java:289)<br />
              org.testng.SuiteRunnerWorker.runSuite(SuiteRunnerWorker.java:52)<br />
              org.testng.SuiteRunnerWorker.run(SuiteRunnerWorker.java:86)<br />
              org.testng.TestNG.runSuitesSequentially(TestNG.java:1301)<br />
              org.testng.TestNG.runSuitesLocally(TestNG.java:1226)<br />
              org.testng.TestNG.runSuites(TestNG.java:1144)<br />
              org.testng.TestNG.run(TestNG.java:1115)<br />
              org.testng.IDEARemoteTestNG.run(IDEARemoteTestNG.java:72)<br />
              org.testng.RemoteTestNGStarter.main(RemoteTestNGStarter.java:123)<br />
                </div>
      </td>
</tr>
          <tr>
        <td colspan="3" class="group">Test_Pos_AddNewAlias</td>
      </tr>
            
<tr>
  <td class="method">
                  addNewAlias
      </td>
  <td class="duration">
    5,601s
  </td>
  <td class="result">
        
    
        

        <a href="javascript:toggleElement('exception-2', 'block')" title="Click to expand/collapse"><b>org.openqa.selenium.WebDriverException: unknown error: Gravitec: User has to subscribe at first<br/>
&nbsp; (Session info: chrome=62.0.3202.62)<br/>
&nbsp; (Driver info: chromedriver=2.33.506120 (e3e53437346286c0bc2d2dc9aa4915ba81d9023f),platform=Windows NT 6.1.7601 SP1 x86_64) (WARNING: The server did not provide any stacktrace information)<br/>
Command duration or timeout: 0 milliseconds<br/>
Build info: version: &apos;3.6.0&apos;, revision: &apos;6fbf3ec767&apos;, time: &apos;2017-09-27T15:28:36.4Z&apos;<br/>
System info: host: &apos;IMOBILKO-ПК&apos;, ip: &apos;10.8.0.27&apos;, os.name: &apos;Windows 7&apos;, os.arch: &apos;amd64&apos;, os.version: &apos;6.1&apos;, java.version: &apos;1.8.0_144&apos;<br/>
Driver info: org.openqa.selenium.chrome.ChromeDriver<br/>
Capabilities [{mobileEmulationEnabled=false, hasTouchScreen=false, platform=XP, acceptSslCerts=true, webStorageEnabled=true, browserName=chrome, takesScreenshot=true, javascriptEnabled=true, platformName=XP, setWindowRect=true, unexpectedAlertBehaviour=, applicationCacheEnabled=false, rotatable=false, networkConnectionEnabled=false, chrome={chromedriverVersion=2.33.506120 (e3e53437346286c0bc2d2dc9aa4915ba81d9023f), userDataDir=C:\Users\OLEKSI~1\AppData\Local\Temp\scoped_dir7628_1732}, takesHeapSnapshot=true, pageLoadStrategy=normal, unhandledPromptBehavior=, databaseEnabled=false, handlesAlerts=true, version=62.0.3202.62, browserConnectionEnabled=false, nativeEvents=true, locationContextEnabled=true, cssSelectorsEnabled=true}]<br/>
Session ID: 6022c278601876ce0ee665ab2a8131a4</b></a><br />
    <div class="stackTrace" id="exception-2">
              sun.reflect.NativeConstructorAccessorImpl.newInstance0(Native Method)<br />
              sun.reflect.NativeConstructorAccessorImpl.newInstance(NativeConstructorAccessorImpl.java:62)<br />
              sun.reflect.DelegatingConstructorAccessorImpl.newInstance(DelegatingConstructorAccessorImpl.java:45)<br />
              java.lang.reflect.Constructor.newInstance(Constructor.java:423)<br />
              org.openqa.selenium.remote.ErrorHandler.createThrowable(ErrorHandler.java:214)<br />
              org.openqa.selenium.remote.ErrorHandler.throwIfResponseFailed(ErrorHandler.java:166)<br />
              org.openqa.selenium.remote.http.JsonHttpResponseCodec.reconstructValue(JsonHttpResponseCodec.java:40)<br />
              org.openqa.selenium.remote.http.AbstractHttpResponseCodec.decode(AbstractHttpResponseCodec.java:82)<br />
              org.openqa.selenium.remote.http.AbstractHttpResponseCodec.decode(AbstractHttpResponseCodec.java:45)<br />
              org.openqa.selenium.remote.HttpCommandExecutor.execute(HttpCommandExecutor.java:164)<br />
              org.openqa.selenium.remote.service.DriverCommandExecutor.execute(DriverCommandExecutor.java:83)<br />
              org.openqa.selenium.remote.RemoteWebDriver.execute(RemoteWebDriver.java:586)<br />
              org.openqa.selenium.remote.RemoteWebDriver.executeScript(RemoteWebDriver.java:522)<br />
              actions.JSRunner.addNewAlias(JSRunner.java:36)<br />
              actions.UserActions.addNewAlias(UserActions.java:164)<br />
              Test_Pos_AddNewAlias.addNewAlias(Test_Pos_AddNewAlias.java:18)<br />
              sun.reflect.NativeMethodAccessorImpl.invoke0(Native Method)<br />
              sun.reflect.NativeMethodAccessorImpl.invoke(NativeMethodAccessorImpl.java:62)<br />
              sun.reflect.DelegatingMethodAccessorImpl.invoke(DelegatingMethodAccessorImpl.java:43)<br />
              java.lang.reflect.Method.invoke(Method.java:498)<br />
              org.testng.internal.MethodInvocationHelper.invokeMethod(MethodInvocationHelper.java:108)<br />
              org.testng.internal.Invoker.invokeMethod(Invoker.java:661)<br />
              org.testng.internal.Invoker.invokeTestMethod(Invoker.java:869)<br />
              org.testng.internal.Invoker.invokeTestMethods(Invoker.java:1193)<br />
              org.testng.internal.TestMethodWorker.invokeTestMethods(TestMethodWorker.java:126)<br />
              org.testng.internal.TestMethodWorker.run(TestMethodWorker.java:109)<br />
              org.testng.TestRunner.privateRun(TestRunner.java:744)<br />
              org.testng.TestRunner.run(TestRunner.java:602)<br />
              org.testng.SuiteRunner.runTest(SuiteRunner.java:380)<br />
              org.testng.SuiteRunner.runSequentially(SuiteRunner.java:375)<br />
              org.testng.SuiteRunner.privateRun(SuiteRunner.java:340)<br />
              org.testng.SuiteRunner.run(SuiteRunner.java:289)<br />
              org.testng.SuiteRunnerWorker.runSuite(SuiteRunnerWorker.java:52)<br />
              org.testng.SuiteRunnerWorker.run(SuiteRunnerWorker.java:86)<br />
              org.testng.TestNG.runSuitesSequentially(TestNG.java:1301)<br />
              org.testng.TestNG.runSuitesLocally(TestNG.java:1226)<br />
              org.testng.TestNG.runSuites(TestNG.java:1144)<br />
              org.testng.TestNG.run(TestNG.java:1115)<br />
              org.testng.IDEARemoteTestNG.run(IDEARemoteTestNG.java:72)<br />
              org.testng.RemoteTestNGStarter.main(RemoteTestNGStarter.java:123)<br />
                </div>
      </td>
</tr>
          <tr>
        <td colspan="3" class="group">Test_Pos_AddNewTag</td>
      </tr>
            
<tr>
  <td class="method">
                  addNewTag
      </td>
  <td class="duration">
    6,919s
  </td>
  <td class="result">
        
    
        

        <a href="javascript:toggleElement('exception-3', 'block')" title="Click to expand/collapse"><b>org.openqa.selenium.WebDriverException: unknown error: Gravitec: User has to subscribe at first<br/>
&nbsp; (Session info: chrome=62.0.3202.62)<br/>
&nbsp; (Driver info: chromedriver=2.33.506120 (e3e53437346286c0bc2d2dc9aa4915ba81d9023f),platform=Windows NT 6.1.7601 SP1 x86_64) (WARNING: The server did not provide any stacktrace information)<br/>
Command duration or timeout: 0 milliseconds<br/>
Build info: version: &apos;3.6.0&apos;, revision: &apos;6fbf3ec767&apos;, time: &apos;2017-09-27T15:28:36.4Z&apos;<br/>
System info: host: &apos;IMOBILKO-ПК&apos;, ip: &apos;10.8.0.27&apos;, os.name: &apos;Windows 7&apos;, os.arch: &apos;amd64&apos;, os.version: &apos;6.1&apos;, java.version: &apos;1.8.0_144&apos;<br/>
Driver info: org.openqa.selenium.chrome.ChromeDriver<br/>
Capabilities [{mobileEmulationEnabled=false, hasTouchScreen=false, platform=XP, acceptSslCerts=true, webStorageEnabled=true, browserName=chrome, takesScreenshot=true, javascriptEnabled=true, platformName=XP, setWindowRect=true, unexpectedAlertBehaviour=, applicationCacheEnabled=false, rotatable=false, networkConnectionEnabled=false, chrome={chromedriverVersion=2.33.506120 (e3e53437346286c0bc2d2dc9aa4915ba81d9023f), userDataDir=C:\Users\OLEKSI~1\AppData\Local\Temp\scoped_dir7628_1732}, takesHeapSnapshot=true, pageLoadStrategy=normal, unhandledPromptBehavior=, databaseEnabled=false, handlesAlerts=true, version=62.0.3202.62, browserConnectionEnabled=false, nativeEvents=true, locationContextEnabled=true, cssSelectorsEnabled=true}]<br/>
Session ID: 6022c278601876ce0ee665ab2a8131a4</b></a><br />
    <div class="stackTrace" id="exception-3">
              sun.reflect.NativeConstructorAccessorImpl.newInstance0(Native Method)<br />
              sun.reflect.NativeConstructorAccessorImpl.newInstance(NativeConstructorAccessorImpl.java:62)<br />
              sun.reflect.DelegatingConstructorAccessorImpl.newInstance(DelegatingConstructorAccessorImpl.java:45)<br />
              java.lang.reflect.Constructor.newInstance(Constructor.java:423)<br />
              org.openqa.selenium.remote.ErrorHandler.createThrowable(ErrorHandler.java:214)<br />
              org.openqa.selenium.remote.ErrorHandler.throwIfResponseFailed(ErrorHandler.java:166)<br />
              org.openqa.selenium.remote.http.JsonHttpResponseCodec.reconstructValue(JsonHttpResponseCodec.java:40)<br />
              org.openqa.selenium.remote.http.AbstractHttpResponseCodec.decode(AbstractHttpResponseCodec.java:82)<br />
              org.openqa.selenium.remote.http.AbstractHttpResponseCodec.decode(AbstractHttpResponseCodec.java:45)<br />
              org.openqa.selenium.remote.HttpCommandExecutor.execute(HttpCommandExecutor.java:164)<br />
              org.openqa.selenium.remote.service.DriverCommandExecutor.execute(DriverCommandExecutor.java:83)<br />
              org.openqa.selenium.remote.RemoteWebDriver.execute(RemoteWebDriver.java:586)<br />
              org.openqa.selenium.remote.RemoteWebDriver.executeScript(RemoteWebDriver.java:522)<br />
              actions.JSRunner.addNewTag(JSRunner.java:25)<br />
              actions.UserActions.addNewTag(UserActions.java:151)<br />
              Test_Pos_AddNewTag.addNewTag(Test_Pos_AddNewTag.java:25)<br />
              sun.reflect.NativeMethodAccessorImpl.invoke0(Native Method)<br />
              sun.reflect.NativeMethodAccessorImpl.invoke(NativeMethodAccessorImpl.java:62)<br />
              sun.reflect.DelegatingMethodAccessorImpl.invoke(DelegatingMethodAccessorImpl.java:43)<br />
              java.lang.reflect.Method.invoke(Method.java:498)<br />
              org.testng.internal.MethodInvocationHelper.invokeMethod(MethodInvocationHelper.java:108)<br />
              org.testng.internal.Invoker.invokeMethod(Invoker.java:661)<br />
              org.testng.internal.Invoker.invokeTestMethod(Invoker.java:869)<br />
              org.testng.internal.Invoker.invokeTestMethods(Invoker.java:1193)<br />
              org.testng.internal.TestMethodWorker.invokeTestMethods(TestMethodWorker.java:126)<br />
              org.testng.internal.TestMethodWorker.run(TestMethodWorker.java:109)<br />
              org.testng.TestRunner.privateRun(TestRunner.java:744)<br />
              org.testng.TestRunner.run(TestRunner.java:602)<br />
              org.testng.SuiteRunner.runTest(SuiteRunner.java:380)<br />
              org.testng.SuiteRunner.runSequentially(SuiteRunner.java:375)<br />
              org.testng.SuiteRunner.privateRun(SuiteRunner.java:340)<br />
              org.testng.SuiteRunner.run(SuiteRunner.java:289)<br />
              org.testng.SuiteRunnerWorker.runSuite(SuiteRunnerWorker.java:52)<br />
              org.testng.SuiteRunnerWorker.run(SuiteRunnerWorker.java:86)<br />
              org.testng.TestNG.runSuitesSequentially(TestNG.java:1301)<br />
              org.testng.TestNG.runSuitesLocally(TestNG.java:1226)<br />
              org.testng.TestNG.runSuites(TestNG.java:1144)<br />
              org.testng.TestNG.run(TestNG.java:1115)<br />
              org.testng.IDEARemoteTestNG.run(IDEARemoteTestNG.java:72)<br />
              org.testng.RemoteTestNGStarter.main(RemoteTestNGStarter.java:123)<br />
                </div>
      </td>
</tr>
          <tr>
        <td colspan="3" class="group">Test_Pos_CopyCampaign</td>
      </tr>
            
<tr>
  <td class="method">
                  copyCampain
      </td>
  <td class="duration">
    78,166s
  </td>
  <td class="result">
        
    
        

        <a href="javascript:toggleElement('exception-4', 'block')" title="Click to expand/collapse"><b>org.openqa.selenium.TimeoutException: Expected condition failed: Element was not found (tried for 30 second(s) with 500 MILLISECONDS interval)</b></a><br />
    <div class="stackTrace" id="exception-4">
              org.openqa.selenium.support.ui.FluentWait.timeoutException(FluentWait.java:263)<br />
              org.openqa.selenium.support.ui.FluentWait.until(FluentWait.java:231)<br />
              pageobjects.CreateCampaignPage$AdvancedOptions.addTagToCampaign(CreateCampaignPage.java:250)<br />
              Test_Pos_CopyCampaign.copyCampain(Test_Pos_CopyCampaign.java:69)<br />
              sun.reflect.NativeMethodAccessorImpl.invoke0(Native Method)<br />
              sun.reflect.NativeMethodAccessorImpl.invoke(NativeMethodAccessorImpl.java:62)<br />
              sun.reflect.DelegatingMethodAccessorImpl.invoke(DelegatingMethodAccessorImpl.java:43)<br />
              java.lang.reflect.Method.invoke(Method.java:498)<br />
              org.testng.internal.MethodInvocationHelper.invokeMethod(MethodInvocationHelper.java:108)<br />
              org.testng.internal.Invoker.invokeMethod(Invoker.java:661)<br />
              org.testng.internal.Invoker.invokeTestMethod(Invoker.java:869)<br />
              org.testng.internal.Invoker.invokeTestMethods(Invoker.java:1193)<br />
              org.testng.internal.TestMethodWorker.invokeTestMethods(TestMethodWorker.java:126)<br />
              org.testng.internal.TestMethodWorker.run(TestMethodWorker.java:109)<br />
              org.testng.TestRunner.privateRun(TestRunner.java:744)<br />
              org.testng.TestRunner.run(TestRunner.java:602)<br />
              org.testng.SuiteRunner.runTest(SuiteRunner.java:380)<br />
              org.testng.SuiteRunner.runSequentially(SuiteRunner.java:375)<br />
              org.testng.SuiteRunner.privateRun(SuiteRunner.java:340)<br />
              org.testng.SuiteRunner.run(SuiteRunner.java:289)<br />
              org.testng.SuiteRunnerWorker.runSuite(SuiteRunnerWorker.java:52)<br />
              org.testng.SuiteRunnerWorker.run(SuiteRunnerWorker.java:86)<br />
              org.testng.TestNG.runSuitesSequentially(TestNG.java:1301)<br />
              org.testng.TestNG.runSuitesLocally(TestNG.java:1226)<br />
              org.testng.TestNG.runSuites(TestNG.java:1144)<br />
              org.testng.TestNG.run(TestNG.java:1115)<br />
              org.testng.IDEARemoteTestNG.run(IDEARemoteTestNG.java:72)<br />
              org.testng.RemoteTestNGStarter.main(RemoteTestNGStarter.java:123)<br />
                    <b>Caused by: </b> <a href="javascript:toggleElement('exception-5', 'block')" title="Click to expand/collapse">org.openqa.selenium.NoSuchElementException: Cannot locate an element using By.cssSelector: a[title=&apos;FF&apos;]<br/>
For documentation on this error, please visit: http://seleniumhq.org/exceptions/no_such_element.html<br/>
Build info: version: &apos;3.6.0&apos;, revision: &apos;6fbf3ec767&apos;, time: &apos;2017-09-27T15:28:36.4Z&apos;<br/>
System info: host: &apos;IMOBILKO-ПК&apos;, ip: &apos;10.8.0.27&apos;, os.name: &apos;Windows 7&apos;, os.arch: &apos;amd64&apos;, os.version: &apos;6.1&apos;, java.version: &apos;1.8.0_144&apos;<br/>
Driver info: driver.version: unknown</a><br />
        <div class="stackTrace" id="exception-5">
                      org.openqa.selenium.support.ui.ExpectedConditions.lambda$findElement$0(ExpectedConditions.java:882)<br />
                      java.util.Optional.orElseThrow(Optional.java:290)<br />
                      org.openqa.selenium.support.ui.ExpectedConditions.findElement(ExpectedConditions.java:881)<br />
                      org.openqa.selenium.support.ui.ExpectedConditions.access$000(ExpectedConditions.java:43)<br />
                      org.openqa.selenium.support.ui.ExpectedConditions$7.apply(ExpectedConditions.java:205)<br />
                      org.openqa.selenium.support.ui.ExpectedConditions$7.apply(ExpectedConditions.java:201)<br />
                      org.openqa.selenium.support.ui.FluentWait.until(FluentWait.java:208)<br />
                      pageobjects.CreateCampaignPage$AdvancedOptions.addTagToCampaign(CreateCampaignPage.java:250)<br />
                      Test_Pos_CopyCampaign.copyCampain(Test_Pos_CopyCampaign.java:69)<br />
                      sun.reflect.NativeMethodAccessorImpl.invoke0(Native Method)<br />
                      sun.reflect.NativeMethodAccessorImpl.invoke(NativeMethodAccessorImpl.java:62)<br />
                      sun.reflect.DelegatingMethodAccessorImpl.invoke(DelegatingMethodAccessorImpl.java:43)<br />
                      java.lang.reflect.Method.invoke(Method.java:498)<br />
                      org.testng.internal.MethodInvocationHelper.invokeMethod(MethodInvocationHelper.java:108)<br />
                      org.testng.internal.Invoker.invokeMethod(Invoker.java:661)<br />
                      org.testng.internal.Invoker.invokeTestMethod(Invoker.java:869)<br />
                      org.testng.internal.Invoker.invokeTestMethods(Invoker.java:1193)<br />
                      org.testng.internal.TestMethodWorker.invokeTestMethods(TestMethodWorker.java:126)<br />
                      org.testng.internal.TestMethodWorker.run(TestMethodWorker.java:109)<br />
                      org.testng.TestRunner.privateRun(TestRunner.java:744)<br />
                      org.testng.TestRunner.run(TestRunner.java:602)<br />
                      org.testng.SuiteRunner.runTest(SuiteRunner.java:380)<br />
                      org.testng.SuiteRunner.runSequentially(SuiteRunner.java:375)<br />
                      org.testng.SuiteRunner.privateRun(SuiteRunner.java:340)<br />
                      org.testng.SuiteRunner.run(SuiteRunner.java:289)<br />
                      org.testng.SuiteRunnerWorker.runSuite(SuiteRunnerWorker.java:52)<br />
                      org.testng.SuiteRunnerWorker.run(SuiteRunnerWorker.java:86)<br />
                      org.testng.TestNG.runSuitesSequentially(TestNG.java:1301)<br />
                      org.testng.TestNG.runSuitesLocally(TestNG.java:1226)<br />
                      org.testng.TestNG.runSuites(TestNG.java:1144)<br />
                      org.testng.TestNG.run(TestNG.java:1115)<br />
                      org.testng.IDEARemoteTestNG.run(IDEARemoteTestNG.java:72)<br />
                      org.testng.RemoteTestNGStarter.main(RemoteTestNGStarter.java:123)<br />
                  </div>
          </div>
      </td>
</tr>
          <tr>
        <td colspan="3" class="group">Test_Pos_CreateTagList</td>
      </tr>
            
<tr>
  <td class="method">
                  createTagList
      </td>
  <td class="duration">
    69,294s
  </td>
  <td class="result">
        
    
        

        <a href="javascript:toggleElement('exception-6', 'block')" title="Click to expand/collapse"><b>org.openqa.selenium.TimeoutException: Expected condition failed: Element was not found (tried for 30 second(s) with 500 MILLISECONDS interval)</b></a><br />
    <div class="stackTrace" id="exception-6">
              org.openqa.selenium.support.ui.FluentWait.timeoutException(FluentWait.java:263)<br />
              org.openqa.selenium.support.ui.FluentWait.until(FluentWait.java:231)<br />
              pageobjects.TagListPage.addTagsToNewTL(TagListPage.java:65)<br />
              Test_Pos_CreateTagList.createTagList(Test_Pos_CreateTagList.java:27)<br />
              sun.reflect.NativeMethodAccessorImpl.invoke0(Native Method)<br />
              sun.reflect.NativeMethodAccessorImpl.invoke(NativeMethodAccessorImpl.java:62)<br />
              sun.reflect.DelegatingMethodAccessorImpl.invoke(DelegatingMethodAccessorImpl.java:43)<br />
              java.lang.reflect.Method.invoke(Method.java:498)<br />
              org.testng.internal.MethodInvocationHelper.invokeMethod(MethodInvocationHelper.java:108)<br />
              org.testng.internal.Invoker.invokeMethod(Invoker.java:661)<br />
              org.testng.internal.Invoker.invokeTestMethod(Invoker.java:869)<br />
              org.testng.internal.Invoker.invokeTestMethods(Invoker.java:1193)<br />
              org.testng.internal.TestMethodWorker.invokeTestMethods(TestMethodWorker.java:126)<br />
              org.testng.internal.TestMethodWorker.run(TestMethodWorker.java:109)<br />
              org.testng.TestRunner.privateRun(TestRunner.java:744)<br />
              org.testng.TestRunner.run(TestRunner.java:602)<br />
              org.testng.SuiteRunner.runTest(SuiteRunner.java:380)<br />
              org.testng.SuiteRunner.runSequentially(SuiteRunner.java:375)<br />
              org.testng.SuiteRunner.privateRun(SuiteRunner.java:340)<br />
              org.testng.SuiteRunner.run(SuiteRunner.java:289)<br />
              org.testng.SuiteRunnerWorker.runSuite(SuiteRunnerWorker.java:52)<br />
              org.testng.SuiteRunnerWorker.run(SuiteRunnerWorker.java:86)<br />
              org.testng.TestNG.runSuitesSequentially(TestNG.java:1301)<br />
              org.testng.TestNG.runSuitesLocally(TestNG.java:1226)<br />
              org.testng.TestNG.runSuites(TestNG.java:1144)<br />
              org.testng.TestNG.run(TestNG.java:1115)<br />
              org.testng.IDEARemoteTestNG.run(IDEARemoteTestNG.java:72)<br />
              org.testng.RemoteTestNGStarter.main(RemoteTestNGStarter.java:123)<br />
                    <b>Caused by: </b> <a href="javascript:toggleElement('exception-7', 'block')" title="Click to expand/collapse">org.openqa.selenium.NoSuchElementException: Cannot locate an element using By.cssSelector: i[class*=&apos;fa-arrow-circle-right&apos;]<br/>
For documentation on this error, please visit: http://seleniumhq.org/exceptions/no_such_element.html<br/>
Build info: version: &apos;3.6.0&apos;, revision: &apos;6fbf3ec767&apos;, time: &apos;2017-09-27T15:28:36.4Z&apos;<br/>
System info: host: &apos;IMOBILKO-ПК&apos;, ip: &apos;10.8.0.27&apos;, os.name: &apos;Windows 7&apos;, os.arch: &apos;amd64&apos;, os.version: &apos;6.1&apos;, java.version: &apos;1.8.0_144&apos;<br/>
Driver info: driver.version: unknown</a><br />
        <div class="stackTrace" id="exception-7">
                      org.openqa.selenium.support.ui.ExpectedConditions.lambda$findElement$0(ExpectedConditions.java:882)<br />
                      java.util.Optional.orElseThrow(Optional.java:290)<br />
                      org.openqa.selenium.support.ui.ExpectedConditions.findElement(ExpectedConditions.java:881)<br />
                      org.openqa.selenium.support.ui.ExpectedConditions.access$000(ExpectedConditions.java:43)<br />
                      org.openqa.selenium.support.ui.ExpectedConditions$7.apply(ExpectedConditions.java:205)<br />
                      org.openqa.selenium.support.ui.ExpectedConditions$7.apply(ExpectedConditions.java:201)<br />
                      org.openqa.selenium.support.ui.FluentWait.until(FluentWait.java:208)<br />
                      pageobjects.TagListPage.addTagsToNewTL(TagListPage.java:65)<br />
                      Test_Pos_CreateTagList.createTagList(Test_Pos_CreateTagList.java:27)<br />
                      sun.reflect.NativeMethodAccessorImpl.invoke0(Native Method)<br />
                      sun.reflect.NativeMethodAccessorImpl.invoke(NativeMethodAccessorImpl.java:62)<br />
                      sun.reflect.DelegatingMethodAccessorImpl.invoke(DelegatingMethodAccessorImpl.java:43)<br />
                      java.lang.reflect.Method.invoke(Method.java:498)<br />
                      org.testng.internal.MethodInvocationHelper.invokeMethod(MethodInvocationHelper.java:108)<br />
                      org.testng.internal.Invoker.invokeMethod(Invoker.java:661)<br />
                      org.testng.internal.Invoker.invokeTestMethod(Invoker.java:869)<br />
                      org.testng.internal.Invoker.invokeTestMethods(Invoker.java:1193)<br />
                      org.testng.internal.TestMethodWorker.invokeTestMethods(TestMethodWorker.java:126)<br />
                      org.testng.internal.TestMethodWorker.run(TestMethodWorker.java:109)<br />
                      org.testng.TestRunner.privateRun(TestRunner.java:744)<br />
                      org.testng.TestRunner.run(TestRunner.java:602)<br />
                      org.testng.SuiteRunner.runTest(SuiteRunner.java:380)<br />
                      org.testng.SuiteRunner.runSequentially(SuiteRunner.java:375)<br />
                      org.testng.SuiteRunner.privateRun(SuiteRunner.java:340)<br />
                      org.testng.SuiteRunner.run(SuiteRunner.java:289)<br />
                      org.testng.SuiteRunnerWorker.runSuite(SuiteRunnerWorker.java:52)<br />
                      org.testng.SuiteRunnerWorker.run(SuiteRunnerWorker.java:86)<br />
                      org.testng.TestNG.runSuitesSequentially(TestNG.java:1301)<br />
                      org.testng.TestNG.runSuitesLocally(TestNG.java:1226)<br />
                      org.testng.TestNG.runSuites(TestNG.java:1144)<br />
                      org.testng.TestNG.run(TestNG.java:1115)<br />
                      org.testng.IDEARemoteTestNG.run(IDEARemoteTestNG.java:72)<br />
                      org.testng.RemoteTestNGStarter.main(RemoteTestNGStarter.java:123)<br />
                  </div>
          </div>
      </td>
</tr>
          <tr>
        <td colspan="3" class="group">Test_Pos_RecoverPassMultiLanguage</td>
      </tr>
            
<tr>
  <td class="method">
                  testRecoverPasswordMail
      </td>
  <td class="duration">
    142,718s
  </td>
  <td class="result">
        
    
        

        <a href="javascript:toggleElement('exception-8', 'block')" title="Click to expand/collapse"><b>java.lang.NullPointerException</b></a><br />
    <div class="stackTrace" id="exception-8">
              com.selenium.MailService.getRecoverPasswordMail(MailService.java:175)<br />
              Test_Pos_RecoverPassMultiLanguage.testRecoverPasswordMail(Test_Pos_RecoverPassMultiLanguage.java:43)<br />
              sun.reflect.NativeMethodAccessorImpl.invoke0(Native Method)<br />
              sun.reflect.NativeMethodAccessorImpl.invoke(NativeMethodAccessorImpl.java:62)<br />
              sun.reflect.DelegatingMethodAccessorImpl.invoke(DelegatingMethodAccessorImpl.java:43)<br />
              java.lang.reflect.Method.invoke(Method.java:498)<br />
              org.testng.internal.MethodInvocationHelper.invokeMethod(MethodInvocationHelper.java:108)<br />
              org.testng.internal.Invoker.invokeMethod(Invoker.java:661)<br />
              org.testng.internal.Invoker.invokeTestMethod(Invoker.java:869)<br />
              org.testng.internal.Invoker.invokeTestMethods(Invoker.java:1193)<br />
              org.testng.internal.TestMethodWorker.invokeTestMethods(TestMethodWorker.java:126)<br />
              org.testng.internal.TestMethodWorker.run(TestMethodWorker.java:109)<br />
              org.testng.TestRunner.privateRun(TestRunner.java:744)<br />
              org.testng.TestRunner.run(TestRunner.java:602)<br />
              org.testng.SuiteRunner.runTest(SuiteRunner.java:380)<br />
              org.testng.SuiteRunner.runSequentially(SuiteRunner.java:375)<br />
              org.testng.SuiteRunner.privateRun(SuiteRunner.java:340)<br />
              org.testng.SuiteRunner.run(SuiteRunner.java:289)<br />
              org.testng.SuiteRunnerWorker.runSuite(SuiteRunnerWorker.java:52)<br />
              org.testng.SuiteRunnerWorker.run(SuiteRunnerWorker.java:86)<br />
              org.testng.TestNG.runSuitesSequentially(TestNG.java:1301)<br />
              org.testng.TestNG.runSuitesLocally(TestNG.java:1226)<br />
              org.testng.TestNG.runSuites(TestNG.java:1144)<br />
              org.testng.TestNG.run(TestNG.java:1115)<br />
              org.testng.IDEARemoteTestNG.run(IDEARemoteTestNG.java:72)<br />
              org.testng.RemoteTestNGStarter.main(RemoteTestNGStarter.java:123)<br />
                </div>
      </td>
</tr>
          <tr>
        <td colspan="3" class="group">Test_Pos_RegistrationEmailsMultiLanguage</td>
      </tr>
            
<tr>
  <td class="method">
                  testRegistrationMails
      </td>
  <td class="duration">
    173,309s
  </td>
  <td class="result">
        
    
        

        <a href="javascript:toggleElement('exception-9', 'block')" title="Click to expand/collapse"><b>org.openqa.selenium.TimeoutException: Expected condition failed: Element was not found (tried for 30 second(s) with 500 MILLISECONDS interval)</b></a><br />
    <div class="stackTrace" id="exception-9">
              org.openqa.selenium.support.ui.FluentWait.timeoutException(FluentWait.java:263)<br />
              org.openqa.selenium.support.ui.FluentWait.until(FluentWait.java:231)<br />
              pageobjects.HeaderMenu.logout(HeaderMenu.java:49)<br />
              Test_Pos_RegistrationEmailsMultiLanguage.testRegistrationMails(Test_Pos_RegistrationEmailsMultiLanguage.java:57)<br />
              sun.reflect.NativeMethodAccessorImpl.invoke0(Native Method)<br />
              sun.reflect.NativeMethodAccessorImpl.invoke(NativeMethodAccessorImpl.java:62)<br />
              sun.reflect.DelegatingMethodAccessorImpl.invoke(DelegatingMethodAccessorImpl.java:43)<br />
              java.lang.reflect.Method.invoke(Method.java:498)<br />
              org.testng.internal.MethodInvocationHelper.invokeMethod(MethodInvocationHelper.java:108)<br />
              org.testng.internal.Invoker.invokeMethod(Invoker.java:661)<br />
              org.testng.internal.Invoker.invokeTestMethod(Invoker.java:869)<br />
              org.testng.internal.Invoker.invokeTestMethods(Invoker.java:1193)<br />
              org.testng.internal.TestMethodWorker.invokeTestMethods(TestMethodWorker.java:126)<br />
              org.testng.internal.TestMethodWorker.run(TestMethodWorker.java:109)<br />
              org.testng.TestRunner.privateRun(TestRunner.java:744)<br />
              org.testng.TestRunner.run(TestRunner.java:602)<br />
              org.testng.SuiteRunner.runTest(SuiteRunner.java:380)<br />
              org.testng.SuiteRunner.runSequentially(SuiteRunner.java:375)<br />
              org.testng.SuiteRunner.privateRun(SuiteRunner.java:340)<br />
              org.testng.SuiteRunner.run(SuiteRunner.java:289)<br />
              org.testng.SuiteRunnerWorker.runSuite(SuiteRunnerWorker.java:52)<br />
              org.testng.SuiteRunnerWorker.run(SuiteRunnerWorker.java:86)<br />
              org.testng.TestNG.runSuitesSequentially(TestNG.java:1301)<br />
              org.testng.TestNG.runSuitesLocally(TestNG.java:1226)<br />
              org.testng.TestNG.runSuites(TestNG.java:1144)<br />
              org.testng.TestNG.run(TestNG.java:1115)<br />
              org.testng.IDEARemoteTestNG.run(IDEARemoteTestNG.java:72)<br />
              org.testng.RemoteTestNGStarter.main(RemoteTestNGStarter.java:123)<br />
                    <b>Caused by: </b> <a href="javascript:toggleElement('exception-10', 'block')" title="Click to expand/collapse">org.openqa.selenium.NoSuchElementException: Cannot locate an element using By.cssSelector: span[ng-bind-html*=&quot;HDR_SGN_OUT&quot;]<br/>
For documentation on this error, please visit: http://seleniumhq.org/exceptions/no_such_element.html<br/>
Build info: version: &apos;3.6.0&apos;, revision: &apos;6fbf3ec767&apos;, time: &apos;2017-09-27T15:28:36.4Z&apos;<br/>
System info: host: &apos;IMOBILKO-ПК&apos;, ip: &apos;10.8.0.27&apos;, os.name: &apos;Windows 7&apos;, os.arch: &apos;amd64&apos;, os.version: &apos;6.1&apos;, java.version: &apos;1.8.0_144&apos;<br/>
Driver info: driver.version: unknown</a><br />
        <div class="stackTrace" id="exception-10">
                      org.openqa.selenium.support.ui.ExpectedConditions.lambda$findElement$0(ExpectedConditions.java:882)<br />
                      java.util.Optional.orElseThrow(Optional.java:290)<br />
                      org.openqa.selenium.support.ui.ExpectedConditions.findElement(ExpectedConditions.java:881)<br />
                      org.openqa.selenium.support.ui.ExpectedConditions.access$000(ExpectedConditions.java:43)<br />
                      org.openqa.selenium.support.ui.ExpectedConditions$7.apply(ExpectedConditions.java:205)<br />
                      org.openqa.selenium.support.ui.ExpectedConditions$7.apply(ExpectedConditions.java:201)<br />
                      org.openqa.selenium.support.ui.FluentWait.until(FluentWait.java:208)<br />
                      pageobjects.HeaderMenu.logout(HeaderMenu.java:49)<br />
                      Test_Pos_RegistrationEmailsMultiLanguage.testRegistrationMails(Test_Pos_RegistrationEmailsMultiLanguage.java:57)<br />
                      sun.reflect.NativeMethodAccessorImpl.invoke0(Native Method)<br />
                      sun.reflect.NativeMethodAccessorImpl.invoke(NativeMethodAccessorImpl.java:62)<br />
                      sun.reflect.DelegatingMethodAccessorImpl.invoke(DelegatingMethodAccessorImpl.java:43)<br />
                      java.lang.reflect.Method.invoke(Method.java:498)<br />
                      org.testng.internal.MethodInvocationHelper.invokeMethod(MethodInvocationHelper.java:108)<br />
                      org.testng.internal.Invoker.invokeMethod(Invoker.java:661)<br />
                      org.testng.internal.Invoker.invokeTestMethod(Invoker.java:869)<br />
                      org.testng.internal.Invoker.invokeTestMethods(Invoker.java:1193)<br />
                      org.testng.internal.TestMethodWorker.invokeTestMethods(TestMethodWorker.java:126)<br />
                      org.testng.internal.TestMethodWorker.run(TestMethodWorker.java:109)<br />
                      org.testng.TestRunner.privateRun(TestRunner.java:744)<br />
                      org.testng.TestRunner.run(TestRunner.java:602)<br />
                      org.testng.SuiteRunner.runTest(SuiteRunner.java:380)<br />
                      org.testng.SuiteRunner.runSequentially(SuiteRunner.java:375)<br />
                      org.testng.SuiteRunner.privateRun(SuiteRunner.java:340)<br />
                      org.testng.SuiteRunner.run(SuiteRunner.java:289)<br />
                      org.testng.SuiteRunnerWorker.runSuite(SuiteRunnerWorker.java:52)<br />
                      org.testng.SuiteRunnerWorker.run(SuiteRunnerWorker.java:86)<br />
                      org.testng.TestNG.runSuitesSequentially(TestNG.java:1301)<br />
                      org.testng.TestNG.runSuitesLocally(TestNG.java:1226)<br />
                      org.testng.TestNG.runSuites(TestNG.java:1144)<br />
                      org.testng.TestNG.run(TestNG.java:1115)<br />
                      org.testng.IDEARemoteTestNG.run(IDEARemoteTestNG.java:72)<br />
                      org.testng.RemoteTestNGStarter.main(RemoteTestNGStarter.java:123)<br />
                  </div>
          </div>
      </td>
</tr>
          <tr>
        <td colspan="3" class="group">Test_Pos_SendDelayedMessage</td>
      </tr>
            
<tr>
  <td class="method">
                  sendDelayedMessage
      </td>
  <td class="duration">
    43,604s
  </td>
  <td class="result">
        
    
        

        <a href="javascript:toggleElement('exception-11', 'block')" title="Click to expand/collapse"><b>org.openqa.selenium.TimeoutException: Expected condition failed: Element was not found (tried for 30 second(s) with 500 MILLISECONDS interval)</b></a><br />
    <div class="stackTrace" id="exception-11">
              org.openqa.selenium.support.ui.FluentWait.timeoutException(FluentWait.java:263)<br />
              org.openqa.selenium.support.ui.FluentWait.until(FluentWait.java:231)<br />
              pageobjects.CreateCampaignPage.clickOkPopUp(CreateCampaignPage.java:430)<br />
              pageobjects.CreateCampaignPage.sendPush(CreateCampaignPage.java:418)<br />
              Test_Pos_SendDelayedMessage.sendDelayedMessage(Test_Pos_SendDelayedMessage.java:41)<br />
              sun.reflect.NativeMethodAccessorImpl.invoke0(Native Method)<br />
              sun.reflect.NativeMethodAccessorImpl.invoke(NativeMethodAccessorImpl.java:62)<br />
              sun.reflect.DelegatingMethodAccessorImpl.invoke(DelegatingMethodAccessorImpl.java:43)<br />
              java.lang.reflect.Method.invoke(Method.java:498)<br />
              org.testng.internal.MethodInvocationHelper.invokeMethod(MethodInvocationHelper.java:108)<br />
              org.testng.internal.Invoker.invokeMethod(Invoker.java:661)<br />
              org.testng.internal.Invoker.invokeTestMethod(Invoker.java:869)<br />
              org.testng.internal.Invoker.invokeTestMethods(Invoker.java:1193)<br />
              org.testng.internal.TestMethodWorker.invokeTestMethods(TestMethodWorker.java:126)<br />
              org.testng.internal.TestMethodWorker.run(TestMethodWorker.java:109)<br />
              org.testng.TestRunner.privateRun(TestRunner.java:744)<br />
              org.testng.TestRunner.run(TestRunner.java:602)<br />
              org.testng.SuiteRunner.runTest(SuiteRunner.java:380)<br />
              org.testng.SuiteRunner.runSequentially(SuiteRunner.java:375)<br />
              org.testng.SuiteRunner.privateRun(SuiteRunner.java:340)<br />
              org.testng.SuiteRunner.run(SuiteRunner.java:289)<br />
              org.testng.SuiteRunnerWorker.runSuite(SuiteRunnerWorker.java:52)<br />
              org.testng.SuiteRunnerWorker.run(SuiteRunnerWorker.java:86)<br />
              org.testng.TestNG.runSuitesSequentially(TestNG.java:1301)<br />
              org.testng.TestNG.runSuitesLocally(TestNG.java:1226)<br />
              org.testng.TestNG.runSuites(TestNG.java:1144)<br />
              org.testng.TestNG.run(TestNG.java:1115)<br />
              org.testng.IDEARemoteTestNG.run(IDEARemoteTestNG.java:72)<br />
              org.testng.RemoteTestNGStarter.main(RemoteTestNGStarter.java:123)<br />
                    <b>Caused by: </b> <a href="javascript:toggleElement('exception-12', 'block')" title="Click to expand/collapse">org.openqa.selenium.NoSuchElementException: Cannot locate an element using By.cssSelector: button[class=&quot;confirm ng-binding&quot;][ng-bind=&quot;ok | translate&quot;]<br/>
For documentation on this error, please visit: http://seleniumhq.org/exceptions/no_such_element.html<br/>
Build info: version: &apos;3.6.0&apos;, revision: &apos;6fbf3ec767&apos;, time: &apos;2017-09-27T15:28:36.4Z&apos;<br/>
System info: host: &apos;IMOBILKO-ПК&apos;, ip: &apos;10.8.0.27&apos;, os.name: &apos;Windows 7&apos;, os.arch: &apos;amd64&apos;, os.version: &apos;6.1&apos;, java.version: &apos;1.8.0_144&apos;<br/>
Driver info: driver.version: unknown</a><br />
        <div class="stackTrace" id="exception-12">
                      org.openqa.selenium.support.ui.ExpectedConditions.lambda$findElement$0(ExpectedConditions.java:882)<br />
                      java.util.Optional.orElseThrow(Optional.java:290)<br />
                      org.openqa.selenium.support.ui.ExpectedConditions.findElement(ExpectedConditions.java:881)<br />
                      org.openqa.selenium.support.ui.ExpectedConditions.access$000(ExpectedConditions.java:43)<br />
                      org.openqa.selenium.support.ui.ExpectedConditions$7.apply(ExpectedConditions.java:205)<br />
                      org.openqa.selenium.support.ui.ExpectedConditions$7.apply(ExpectedConditions.java:201)<br />
                      org.openqa.selenium.support.ui.FluentWait.until(FluentWait.java:208)<br />
                      pageobjects.CreateCampaignPage.clickOkPopUp(CreateCampaignPage.java:430)<br />
                      pageobjects.CreateCampaignPage.sendPush(CreateCampaignPage.java:418)<br />
                      Test_Pos_SendDelayedMessage.sendDelayedMessage(Test_Pos_SendDelayedMessage.java:41)<br />
                      sun.reflect.NativeMethodAccessorImpl.invoke0(Native Method)<br />
                      sun.reflect.NativeMethodAccessorImpl.invoke(NativeMethodAccessorImpl.java:62)<br />
                      sun.reflect.DelegatingMethodAccessorImpl.invoke(DelegatingMethodAccessorImpl.java:43)<br />
                      java.lang.reflect.Method.invoke(Method.java:498)<br />
                      org.testng.internal.MethodInvocationHelper.invokeMethod(MethodInvocationHelper.java:108)<br />
                      org.testng.internal.Invoker.invokeMethod(Invoker.java:661)<br />
                      org.testng.internal.Invoker.invokeTestMethod(Invoker.java:869)<br />
                      org.testng.internal.Invoker.invokeTestMethods(Invoker.java:1193)<br />
                      org.testng.internal.TestMethodWorker.invokeTestMethods(TestMethodWorker.java:126)<br />
                      org.testng.internal.TestMethodWorker.run(TestMethodWorker.java:109)<br />
                      org.testng.TestRunner.privateRun(TestRunner.java:744)<br />
                      org.testng.TestRunner.run(TestRunner.java:602)<br />
                      org.testng.SuiteRunner.runTest(SuiteRunner.java:380)<br />
                      org.testng.SuiteRunner.runSequentially(SuiteRunner.java:375)<br />
                      org.testng.SuiteRunner.privateRun(SuiteRunner.java:340)<br />
                      org.testng.SuiteRunner.run(SuiteRunner.java:289)<br />
                      org.testng.SuiteRunnerWorker.runSuite(SuiteRunnerWorker.java:52)<br />
                      org.testng.SuiteRunnerWorker.run(SuiteRunnerWorker.java:86)<br />
                      org.testng.TestNG.runSuitesSequentially(TestNG.java:1301)<br />
                      org.testng.TestNG.runSuitesLocally(TestNG.java:1226)<br />
                      org.testng.TestNG.runSuites(TestNG.java:1144)<br />
                      org.testng.TestNG.run(TestNG.java:1115)<br />
                      org.testng.IDEARemoteTestNG.run(IDEARemoteTestNG.java:72)<br />
                      org.testng.RemoteTestNGStarter.main(RemoteTestNGStarter.java:123)<br />
                  </div>
          </div>
      </td>
</tr>
          <tr>
        <td colspan="3" class="group">Test_Pos_SendDelayedMessageImmediately</td>
      </tr>
            
<tr>
  <td class="method">
                  sendDelayedMessageImmediately
      </td>
  <td class="duration">
    72,370s
  </td>
  <td class="result">
        
    
        

        <a href="javascript:toggleElement('exception-13', 'block')" title="Click to expand/collapse"><b>org.openqa.selenium.TimeoutException: Expected condition failed: Element was not found (tried for 30 second(s) with 500 MILLISECONDS interval)</b></a><br />
    <div class="stackTrace" id="exception-13">
              org.openqa.selenium.support.ui.FluentWait.timeoutException(FluentWait.java:263)<br />
              org.openqa.selenium.support.ui.FluentWait.until(FluentWait.java:231)<br />
              pageobjects.CreateCampaignPage.clickOkPopUp(CreateCampaignPage.java:430)<br />
              pageobjects.CreateCampaignPage.sendPush(CreateCampaignPage.java:418)<br />
              Test_Pos_SendDelayedMessageImmediately.sendDelayedMessageImmediately(Test_Pos_SendDelayedMessageImmediately.java:27)<br />
              sun.reflect.NativeMethodAccessorImpl.invoke0(Native Method)<br />
              sun.reflect.NativeMethodAccessorImpl.invoke(NativeMethodAccessorImpl.java:62)<br />
              sun.reflect.DelegatingMethodAccessorImpl.invoke(DelegatingMethodAccessorImpl.java:43)<br />
              java.lang.reflect.Method.invoke(Method.java:498)<br />
              org.testng.internal.MethodInvocationHelper.invokeMethod(MethodInvocationHelper.java:108)<br />
              org.testng.internal.Invoker.invokeMethod(Invoker.java:661)<br />
              org.testng.internal.Invoker.invokeTestMethod(Invoker.java:869)<br />
              org.testng.internal.Invoker.invokeTestMethods(Invoker.java:1193)<br />
              org.testng.internal.TestMethodWorker.invokeTestMethods(TestMethodWorker.java:126)<br />
              org.testng.internal.TestMethodWorker.run(TestMethodWorker.java:109)<br />
              org.testng.TestRunner.privateRun(TestRunner.java:744)<br />
              org.testng.TestRunner.run(TestRunner.java:602)<br />
              org.testng.SuiteRunner.runTest(SuiteRunner.java:380)<br />
              org.testng.SuiteRunner.runSequentially(SuiteRunner.java:375)<br />
              org.testng.SuiteRunner.privateRun(SuiteRunner.java:340)<br />
              org.testng.SuiteRunner.run(SuiteRunner.java:289)<br />
              org.testng.SuiteRunnerWorker.runSuite(SuiteRunnerWorker.java:52)<br />
              org.testng.SuiteRunnerWorker.run(SuiteRunnerWorker.java:86)<br />
              org.testng.TestNG.runSuitesSequentially(TestNG.java:1301)<br />
              org.testng.TestNG.runSuitesLocally(TestNG.java:1226)<br />
              org.testng.TestNG.runSuites(TestNG.java:1144)<br />
              org.testng.TestNG.run(TestNG.java:1115)<br />
              org.testng.IDEARemoteTestNG.run(IDEARemoteTestNG.java:72)<br />
              org.testng.RemoteTestNGStarter.main(RemoteTestNGStarter.java:123)<br />
                    <b>Caused by: </b> <a href="javascript:toggleElement('exception-14', 'block')" title="Click to expand/collapse">org.openqa.selenium.NoSuchElementException: Cannot locate an element using By.cssSelector: button[class=&quot;confirm ng-binding&quot;][ng-bind=&quot;ok | translate&quot;]<br/>
For documentation on this error, please visit: http://seleniumhq.org/exceptions/no_such_element.html<br/>
Build info: version: &apos;3.6.0&apos;, revision: &apos;6fbf3ec767&apos;, time: &apos;2017-09-27T15:28:36.4Z&apos;<br/>
System info: host: &apos;IMOBILKO-ПК&apos;, ip: &apos;10.8.0.27&apos;, os.name: &apos;Windows 7&apos;, os.arch: &apos;amd64&apos;, os.version: &apos;6.1&apos;, java.version: &apos;1.8.0_144&apos;<br/>
Driver info: driver.version: unknown</a><br />
        <div class="stackTrace" id="exception-14">
                      org.openqa.selenium.support.ui.ExpectedConditions.lambda$findElement$0(ExpectedConditions.java:882)<br />
                      java.util.Optional.orElseThrow(Optional.java:290)<br />
                      org.openqa.selenium.support.ui.ExpectedConditions.findElement(ExpectedConditions.java:881)<br />
                      org.openqa.selenium.support.ui.ExpectedConditions.access$000(ExpectedConditions.java:43)<br />
                      org.openqa.selenium.support.ui.ExpectedConditions$7.apply(ExpectedConditions.java:205)<br />
                      org.openqa.selenium.support.ui.ExpectedConditions$7.apply(ExpectedConditions.java:201)<br />
                      org.openqa.selenium.support.ui.FluentWait.until(FluentWait.java:208)<br />
                      pageobjects.CreateCampaignPage.clickOkPopUp(CreateCampaignPage.java:430)<br />
                      pageobjects.CreateCampaignPage.sendPush(CreateCampaignPage.java:418)<br />
                      Test_Pos_SendDelayedMessageImmediately.sendDelayedMessageImmediately(Test_Pos_SendDelayedMessageImmediately.java:27)<br />
                      sun.reflect.NativeMethodAccessorImpl.invoke0(Native Method)<br />
                      sun.reflect.NativeMethodAccessorImpl.invoke(NativeMethodAccessorImpl.java:62)<br />
                      sun.reflect.DelegatingMethodAccessorImpl.invoke(DelegatingMethodAccessorImpl.java:43)<br />
                      java.lang.reflect.Method.invoke(Method.java:498)<br />
                      org.testng.internal.MethodInvocationHelper.invokeMethod(MethodInvocationHelper.java:108)<br />
                      org.testng.internal.Invoker.invokeMethod(Invoker.java:661)<br />
                      org.testng.internal.Invoker.invokeTestMethod(Invoker.java:869)<br />
                      org.testng.internal.Invoker.invokeTestMethods(Invoker.java:1193)<br />
                      org.testng.internal.TestMethodWorker.invokeTestMethods(TestMethodWorker.java:126)<br />
                      org.testng.internal.TestMethodWorker.run(TestMethodWorker.java:109)<br />
                      org.testng.TestRunner.privateRun(TestRunner.java:744)<br />
                      org.testng.TestRunner.run(TestRunner.java:602)<br />
                      org.testng.SuiteRunner.runTest(SuiteRunner.java:380)<br />
                      org.testng.SuiteRunner.runSequentially(SuiteRunner.java:375)<br />
                      org.testng.SuiteRunner.privateRun(SuiteRunner.java:340)<br />
                      org.testng.SuiteRunner.run(SuiteRunner.java:289)<br />
                      org.testng.SuiteRunnerWorker.runSuite(SuiteRunnerWorker.java:52)<br />
                      org.testng.SuiteRunnerWorker.run(SuiteRunnerWorker.java:86)<br />
                      org.testng.TestNG.runSuitesSequentially(TestNG.java:1301)<br />
                      org.testng.TestNG.runSuitesLocally(TestNG.java:1226)<br />
                      org.testng.TestNG.runSuites(TestNG.java:1144)<br />
                      org.testng.TestNG.run(TestNG.java:1115)<br />
                      org.testng.IDEARemoteTestNG.run(IDEARemoteTestNG.java:72)<br />
                      org.testng.RemoteTestNGStarter.main(RemoteTestNGStarter.java:123)<br />
                  </div>
          </div>
      </td>
</tr>
          <tr>
        <td colspan="3" class="group">Test_Pos_SendMessageWithBigImage</td>
      </tr>
            
<tr>
  <td class="method">
                  sendMessageWithBIGImage
      </td>
  <td class="duration">
    72,602s
  </td>
  <td class="result">
        
    
        

        <a href="javascript:toggleElement('exception-15', 'block')" title="Click to expand/collapse"><b>org.openqa.selenium.TimeoutException: Expected condition failed: Element was not found (tried for 30 second(s) with 500 MILLISECONDS interval)</b></a><br />
    <div class="stackTrace" id="exception-15">
              org.openqa.selenium.support.ui.FluentWait.timeoutException(FluentWait.java:263)<br />
              org.openqa.selenium.support.ui.FluentWait.until(FluentWait.java:231)<br />
              pageobjects.CreateCampaignPage.clickOkPopUp(CreateCampaignPage.java:430)<br />
              pageobjects.CreateCampaignPage.sendPush(CreateCampaignPage.java:418)<br />
              Test_Pos_SendMessageWithBigImage.sendMessageWithBIGImage(Test_Pos_SendMessageWithBigImage.java:34)<br />
              sun.reflect.NativeMethodAccessorImpl.invoke0(Native Method)<br />
              sun.reflect.NativeMethodAccessorImpl.invoke(NativeMethodAccessorImpl.java:62)<br />
              sun.reflect.DelegatingMethodAccessorImpl.invoke(DelegatingMethodAccessorImpl.java:43)<br />
              java.lang.reflect.Method.invoke(Method.java:498)<br />
              org.testng.internal.MethodInvocationHelper.invokeMethod(MethodInvocationHelper.java:108)<br />
              org.testng.internal.Invoker.invokeMethod(Invoker.java:661)<br />
              org.testng.internal.Invoker.invokeTestMethod(Invoker.java:869)<br />
              org.testng.internal.Invoker.invokeTestMethods(Invoker.java:1193)<br />
              org.testng.internal.TestMethodWorker.invokeTestMethods(TestMethodWorker.java:126)<br />
              org.testng.internal.TestMethodWorker.run(TestMethodWorker.java:109)<br />
              org.testng.TestRunner.privateRun(TestRunner.java:744)<br />
              org.testng.TestRunner.run(TestRunner.java:602)<br />
              org.testng.SuiteRunner.runTest(SuiteRunner.java:380)<br />
              org.testng.SuiteRunner.runSequentially(SuiteRunner.java:375)<br />
              org.testng.SuiteRunner.privateRun(SuiteRunner.java:340)<br />
              org.testng.SuiteRunner.run(SuiteRunner.java:289)<br />
              org.testng.SuiteRunnerWorker.runSuite(SuiteRunnerWorker.java:52)<br />
              org.testng.SuiteRunnerWorker.run(SuiteRunnerWorker.java:86)<br />
              org.testng.TestNG.runSuitesSequentially(TestNG.java:1301)<br />
              org.testng.TestNG.runSuitesLocally(TestNG.java:1226)<br />
              org.testng.TestNG.runSuites(TestNG.java:1144)<br />
              org.testng.TestNG.run(TestNG.java:1115)<br />
              org.testng.IDEARemoteTestNG.run(IDEARemoteTestNG.java:72)<br />
              org.testng.RemoteTestNGStarter.main(RemoteTestNGStarter.java:123)<br />
                    <b>Caused by: </b> <a href="javascript:toggleElement('exception-16', 'block')" title="Click to expand/collapse">org.openqa.selenium.NoSuchElementException: Cannot locate an element using By.cssSelector: button[class=&quot;confirm ng-binding&quot;][ng-bind=&quot;ok | translate&quot;]<br/>
For documentation on this error, please visit: http://seleniumhq.org/exceptions/no_such_element.html<br/>
Build info: version: &apos;3.6.0&apos;, revision: &apos;6fbf3ec767&apos;, time: &apos;2017-09-27T15:28:36.4Z&apos;<br/>
System info: host: &apos;IMOBILKO-ПК&apos;, ip: &apos;10.8.0.27&apos;, os.name: &apos;Windows 7&apos;, os.arch: &apos;amd64&apos;, os.version: &apos;6.1&apos;, java.version: &apos;1.8.0_144&apos;<br/>
Driver info: driver.version: unknown</a><br />
        <div class="stackTrace" id="exception-16">
                      org.openqa.selenium.support.ui.ExpectedConditions.lambda$findElement$0(ExpectedConditions.java:882)<br />
                      java.util.Optional.orElseThrow(Optional.java:290)<br />
                      org.openqa.selenium.support.ui.ExpectedConditions.findElement(ExpectedConditions.java:881)<br />
                      org.openqa.selenium.support.ui.ExpectedConditions.access$000(ExpectedConditions.java:43)<br />
                      org.openqa.selenium.support.ui.ExpectedConditions$7.apply(ExpectedConditions.java:205)<br />
                      org.openqa.selenium.support.ui.ExpectedConditions$7.apply(ExpectedConditions.java:201)<br />
                      org.openqa.selenium.support.ui.FluentWait.until(FluentWait.java:208)<br />
                      pageobjects.CreateCampaignPage.clickOkPopUp(CreateCampaignPage.java:430)<br />
                      pageobjects.CreateCampaignPage.sendPush(CreateCampaignPage.java:418)<br />
                      Test_Pos_SendMessageWithBigImage.sendMessageWithBIGImage(Test_Pos_SendMessageWithBigImage.java:34)<br />
                      sun.reflect.NativeMethodAccessorImpl.invoke0(Native Method)<br />
                      sun.reflect.NativeMethodAccessorImpl.invoke(NativeMethodAccessorImpl.java:62)<br />
                      sun.reflect.DelegatingMethodAccessorImpl.invoke(DelegatingMethodAccessorImpl.java:43)<br />
                      java.lang.reflect.Method.invoke(Method.java:498)<br />
                      org.testng.internal.MethodInvocationHelper.invokeMethod(MethodInvocationHelper.java:108)<br />
                      org.testng.internal.Invoker.invokeMethod(Invoker.java:661)<br />
                      org.testng.internal.Invoker.invokeTestMethod(Invoker.java:869)<br />
                      org.testng.internal.Invoker.invokeTestMethods(Invoker.java:1193)<br />
                      org.testng.internal.TestMethodWorker.invokeTestMethods(TestMethodWorker.java:126)<br />
                      org.testng.internal.TestMethodWorker.run(TestMethodWorker.java:109)<br />
                      org.testng.TestRunner.privateRun(TestRunner.java:744)<br />
                      org.testng.TestRunner.run(TestRunner.java:602)<br />
                      org.testng.SuiteRunner.runTest(SuiteRunner.java:380)<br />
                      org.testng.SuiteRunner.runSequentially(SuiteRunner.java:375)<br />
                      org.testng.SuiteRunner.privateRun(SuiteRunner.java:340)<br />
                      org.testng.SuiteRunner.run(SuiteRunner.java:289)<br />
                      org.testng.SuiteRunnerWorker.runSuite(SuiteRunnerWorker.java:52)<br />
                      org.testng.SuiteRunnerWorker.run(SuiteRunnerWorker.java:86)<br />
                      org.testng.TestNG.runSuitesSequentially(TestNG.java:1301)<br />
                      org.testng.TestNG.runSuitesLocally(TestNG.java:1226)<br />
                      org.testng.TestNG.runSuites(TestNG.java:1144)<br />
                      org.testng.TestNG.run(TestNG.java:1115)<br />
                      org.testng.IDEARemoteTestNG.run(IDEARemoteTestNG.java:72)<br />
                      org.testng.RemoteTestNGStarter.main(RemoteTestNGStarter.java:123)<br />
                  </div>
          </div>
      </td>
</tr>
          <tr>
        <td colspan="3" class="group">Test_Pos_SendMessageWithButtons</td>
      </tr>
            
<tr>
  <td class="method">
                  sendMessageWithButtons
      </td>
  <td class="duration">
    44,150s
  </td>
  <td class="result">
        
    
        

        <a href="javascript:toggleElement('exception-17', 'block')" title="Click to expand/collapse"><b>org.openqa.selenium.TimeoutException: Expected condition failed: Element was not found (tried for 30 second(s) with 500 MILLISECONDS interval)</b></a><br />
    <div class="stackTrace" id="exception-17">
              org.openqa.selenium.support.ui.FluentWait.timeoutException(FluentWait.java:263)<br />
              org.openqa.selenium.support.ui.FluentWait.until(FluentWait.java:231)<br />
              pageobjects.CreateCampaignPage.clickOkPopUp(CreateCampaignPage.java:430)<br />
              pageobjects.CreateCampaignPage.sendPush(CreateCampaignPage.java:418)<br />
              Test_Pos_SendMessageWithButtons.sendMessageWithButtons(Test_Pos_SendMessageWithButtons.java:48)<br />
              sun.reflect.NativeMethodAccessorImpl.invoke0(Native Method)<br />
              sun.reflect.NativeMethodAccessorImpl.invoke(NativeMethodAccessorImpl.java:62)<br />
              sun.reflect.DelegatingMethodAccessorImpl.invoke(DelegatingMethodAccessorImpl.java:43)<br />
              java.lang.reflect.Method.invoke(Method.java:498)<br />
              org.testng.internal.MethodInvocationHelper.invokeMethod(MethodInvocationHelper.java:108)<br />
              org.testng.internal.Invoker.invokeMethod(Invoker.java:661)<br />
              org.testng.internal.Invoker.invokeTestMethod(Invoker.java:869)<br />
              org.testng.internal.Invoker.invokeTestMethods(Invoker.java:1193)<br />
              org.testng.internal.TestMethodWorker.invokeTestMethods(TestMethodWorker.java:126)<br />
              org.testng.internal.TestMethodWorker.run(TestMethodWorker.java:109)<br />
              org.testng.TestRunner.privateRun(TestRunner.java:744)<br />
              org.testng.TestRunner.run(TestRunner.java:602)<br />
              org.testng.SuiteRunner.runTest(SuiteRunner.java:380)<br />
              org.testng.SuiteRunner.runSequentially(SuiteRunner.java:375)<br />
              org.testng.SuiteRunner.privateRun(SuiteRunner.java:340)<br />
              org.testng.SuiteRunner.run(SuiteRunner.java:289)<br />
              org.testng.SuiteRunnerWorker.runSuite(SuiteRunnerWorker.java:52)<br />
              org.testng.SuiteRunnerWorker.run(SuiteRunnerWorker.java:86)<br />
              org.testng.TestNG.runSuitesSequentially(TestNG.java:1301)<br />
              org.testng.TestNG.runSuitesLocally(TestNG.java:1226)<br />
              org.testng.TestNG.runSuites(TestNG.java:1144)<br />
              org.testng.TestNG.run(TestNG.java:1115)<br />
              org.testng.IDEARemoteTestNG.run(IDEARemoteTestNG.java:72)<br />
              org.testng.RemoteTestNGStarter.main(RemoteTestNGStarter.java:123)<br />
                    <b>Caused by: </b> <a href="javascript:toggleElement('exception-18', 'block')" title="Click to expand/collapse">org.openqa.selenium.NoSuchElementException: Cannot locate an element using By.cssSelector: button[class=&quot;confirm ng-binding&quot;][ng-bind=&quot;ok | translate&quot;]<br/>
For documentation on this error, please visit: http://seleniumhq.org/exceptions/no_such_element.html<br/>
Build info: version: &apos;3.6.0&apos;, revision: &apos;6fbf3ec767&apos;, time: &apos;2017-09-27T15:28:36.4Z&apos;<br/>
System info: host: &apos;IMOBILKO-ПК&apos;, ip: &apos;10.8.0.27&apos;, os.name: &apos;Windows 7&apos;, os.arch: &apos;amd64&apos;, os.version: &apos;6.1&apos;, java.version: &apos;1.8.0_144&apos;<br/>
Driver info: driver.version: unknown</a><br />
        <div class="stackTrace" id="exception-18">
                      org.openqa.selenium.support.ui.ExpectedConditions.lambda$findElement$0(ExpectedConditions.java:882)<br />
                      java.util.Optional.orElseThrow(Optional.java:290)<br />
                      org.openqa.selenium.support.ui.ExpectedConditions.findElement(ExpectedConditions.java:881)<br />
                      org.openqa.selenium.support.ui.ExpectedConditions.access$000(ExpectedConditions.java:43)<br />
                      org.openqa.selenium.support.ui.ExpectedConditions$7.apply(ExpectedConditions.java:205)<br />
                      org.openqa.selenium.support.ui.ExpectedConditions$7.apply(ExpectedConditions.java:201)<br />
                      org.openqa.selenium.support.ui.FluentWait.until(FluentWait.java:208)<br />
                      pageobjects.CreateCampaignPage.clickOkPopUp(CreateCampaignPage.java:430)<br />
                      pageobjects.CreateCampaignPage.sendPush(CreateCampaignPage.java:418)<br />
                      Test_Pos_SendMessageWithButtons.sendMessageWithButtons(Test_Pos_SendMessageWithButtons.java:48)<br />
                      sun.reflect.NativeMethodAccessorImpl.invoke0(Native Method)<br />
                      sun.reflect.NativeMethodAccessorImpl.invoke(NativeMethodAccessorImpl.java:62)<br />
                      sun.reflect.DelegatingMethodAccessorImpl.invoke(DelegatingMethodAccessorImpl.java:43)<br />
                      java.lang.reflect.Method.invoke(Method.java:498)<br />
                      org.testng.internal.MethodInvocationHelper.invokeMethod(MethodInvocationHelper.java:108)<br />
                      org.testng.internal.Invoker.invokeMethod(Invoker.java:661)<br />
                      org.testng.internal.Invoker.invokeTestMethod(Invoker.java:869)<br />
                      org.testng.internal.Invoker.invokeTestMethods(Invoker.java:1193)<br />
                      org.testng.internal.TestMethodWorker.invokeTestMethods(TestMethodWorker.java:126)<br />
                      org.testng.internal.TestMethodWorker.run(TestMethodWorker.java:109)<br />
                      org.testng.TestRunner.privateRun(TestRunner.java:744)<br />
                      org.testng.TestRunner.run(TestRunner.java:602)<br />
                      org.testng.SuiteRunner.runTest(SuiteRunner.java:380)<br />
                      org.testng.SuiteRunner.runSequentially(SuiteRunner.java:375)<br />
                      org.testng.SuiteRunner.privateRun(SuiteRunner.java:340)<br />
                      org.testng.SuiteRunner.run(SuiteRunner.java:289)<br />
                      org.testng.SuiteRunnerWorker.runSuite(SuiteRunnerWorker.java:52)<br />
                      org.testng.SuiteRunnerWorker.run(SuiteRunnerWorker.java:86)<br />
                      org.testng.TestNG.runSuitesSequentially(TestNG.java:1301)<br />
                      org.testng.TestNG.runSuitesLocally(TestNG.java:1226)<br />
                      org.testng.TestNG.runSuites(TestNG.java:1144)<br />
                      org.testng.TestNG.run(TestNG.java:1115)<br />
                      org.testng.IDEARemoteTestNG.run(IDEARemoteTestNG.java:72)<br />
                      org.testng.RemoteTestNGStarter.main(RemoteTestNGStarter.java:123)<br />
                  </div>
          </div>
      </td>
</tr>
          <tr>
        <td colspan="3" class="group">Test_Pos_SendMessageWithTags</td>
      </tr>
            
<tr>
  <td class="method">
                  sendMessageWithTags
      </td>
  <td class="duration">
    39,144s
  </td>
  <td class="result">
        
    
        

        <a href="javascript:toggleElement('exception-19', 'block')" title="Click to expand/collapse"><b>org.openqa.selenium.TimeoutException: Expected condition failed: Element was not found (tried for 30 second(s) with 500 MILLISECONDS interval)</b></a><br />
    <div class="stackTrace" id="exception-19">
              org.openqa.selenium.support.ui.FluentWait.timeoutException(FluentWait.java:263)<br />
              org.openqa.selenium.support.ui.FluentWait.until(FluentWait.java:231)<br />
              pageobjects.CreateCampaignPage$AdvancedOptions.addTagToCampaign(CreateCampaignPage.java:250)<br />
              Test_Pos_SendMessageWithTags.sendMessageWithTags(Test_Pos_SendMessageWithTags.java:35)<br />
              sun.reflect.NativeMethodAccessorImpl.invoke0(Native Method)<br />
              sun.reflect.NativeMethodAccessorImpl.invoke(NativeMethodAccessorImpl.java:62)<br />
              sun.reflect.DelegatingMethodAccessorImpl.invoke(DelegatingMethodAccessorImpl.java:43)<br />
              java.lang.reflect.Method.invoke(Method.java:498)<br />
              org.testng.internal.MethodInvocationHelper.invokeMethod(MethodInvocationHelper.java:108)<br />
              org.testng.internal.Invoker.invokeMethod(Invoker.java:661)<br />
              org.testng.internal.Invoker.invokeTestMethod(Invoker.java:869)<br />
              org.testng.internal.Invoker.invokeTestMethods(Invoker.java:1193)<br />
              org.testng.internal.TestMethodWorker.invokeTestMethods(TestMethodWorker.java:126)<br />
              org.testng.internal.TestMethodWorker.run(TestMethodWorker.java:109)<br />
              org.testng.TestRunner.privateRun(TestRunner.java:744)<br />
              org.testng.TestRunner.run(TestRunner.java:602)<br />
              org.testng.SuiteRunner.runTest(SuiteRunner.java:380)<br />
              org.testng.SuiteRunner.runSequentially(SuiteRunner.java:375)<br />
              org.testng.SuiteRunner.privateRun(SuiteRunner.java:340)<br />
              org.testng.SuiteRunner.run(SuiteRunner.java:289)<br />
              org.testng.SuiteRunnerWorker.runSuite(SuiteRunnerWorker.java:52)<br />
              org.testng.SuiteRunnerWorker.run(SuiteRunnerWorker.java:86)<br />
              org.testng.TestNG.runSuitesSequentially(TestNG.java:1301)<br />
              org.testng.TestNG.runSuitesLocally(TestNG.java:1226)<br />
              org.testng.TestNG.runSuites(TestNG.java:1144)<br />
              org.testng.TestNG.run(TestNG.java:1115)<br />
              org.testng.IDEARemoteTestNG.run(IDEARemoteTestNG.java:72)<br />
              org.testng.RemoteTestNGStarter.main(RemoteTestNGStarter.java:123)<br />
                    <b>Caused by: </b> <a href="javascript:toggleElement('exception-20', 'block')" title="Click to expand/collapse">org.openqa.selenium.NoSuchElementException: Cannot locate an element using By.cssSelector: a[title=&apos;FF&apos;]<br/>
For documentation on this error, please visit: http://seleniumhq.org/exceptions/no_such_element.html<br/>
Build info: version: &apos;3.6.0&apos;, revision: &apos;6fbf3ec767&apos;, time: &apos;2017-09-27T15:28:36.4Z&apos;<br/>
System info: host: &apos;IMOBILKO-ПК&apos;, ip: &apos;10.8.0.27&apos;, os.name: &apos;Windows 7&apos;, os.arch: &apos;amd64&apos;, os.version: &apos;6.1&apos;, java.version: &apos;1.8.0_144&apos;<br/>
Driver info: driver.version: unknown</a><br />
        <div class="stackTrace" id="exception-20">
                      org.openqa.selenium.support.ui.ExpectedConditions.lambda$findElement$0(ExpectedConditions.java:882)<br />
                      java.util.Optional.orElseThrow(Optional.java:290)<br />
                      org.openqa.selenium.support.ui.ExpectedConditions.findElement(ExpectedConditions.java:881)<br />
                      org.openqa.selenium.support.ui.ExpectedConditions.access$000(ExpectedConditions.java:43)<br />
                      org.openqa.selenium.support.ui.ExpectedConditions$7.apply(ExpectedConditions.java:205)<br />
                      org.openqa.selenium.support.ui.ExpectedConditions$7.apply(ExpectedConditions.java:201)<br />
                      org.openqa.selenium.support.ui.FluentWait.until(FluentWait.java:208)<br />
                      pageobjects.CreateCampaignPage$AdvancedOptions.addTagToCampaign(CreateCampaignPage.java:250)<br />
                      Test_Pos_SendMessageWithTags.sendMessageWithTags(Test_Pos_SendMessageWithTags.java:35)<br />
                      sun.reflect.NativeMethodAccessorImpl.invoke0(Native Method)<br />
                      sun.reflect.NativeMethodAccessorImpl.invoke(NativeMethodAccessorImpl.java:62)<br />
                      sun.reflect.DelegatingMethodAccessorImpl.invoke(DelegatingMethodAccessorImpl.java:43)<br />
                      java.lang.reflect.Method.invoke(Method.java:498)<br />
                      org.testng.internal.MethodInvocationHelper.invokeMethod(MethodInvocationHelper.java:108)<br />
                      org.testng.internal.Invoker.invokeMethod(Invoker.java:661)<br />
                      org.testng.internal.Invoker.invokeTestMethod(Invoker.java:869)<br />
                      org.testng.internal.Invoker.invokeTestMethods(Invoker.java:1193)<br />
                      org.testng.internal.TestMethodWorker.invokeTestMethods(TestMethodWorker.java:126)<br />
                      org.testng.internal.TestMethodWorker.run(TestMethodWorker.java:109)<br />
                      org.testng.TestRunner.privateRun(TestRunner.java:744)<br />
                      org.testng.TestRunner.run(TestRunner.java:602)<br />
                      org.testng.SuiteRunner.runTest(SuiteRunner.java:380)<br />
                      org.testng.SuiteRunner.runSequentially(SuiteRunner.java:375)<br />
                      org.testng.SuiteRunner.privateRun(SuiteRunner.java:340)<br />
                      org.testng.SuiteRunner.run(SuiteRunner.java:289)<br />
                      org.testng.SuiteRunnerWorker.runSuite(SuiteRunnerWorker.java:52)<br />
                      org.testng.SuiteRunnerWorker.run(SuiteRunnerWorker.java:86)<br />
                      org.testng.TestNG.runSuitesSequentially(TestNG.java:1301)<br />
                      org.testng.TestNG.runSuitesLocally(TestNG.java:1226)<br />
                      org.testng.TestNG.runSuites(TestNG.java:1144)<br />
                      org.testng.TestNG.run(TestNG.java:1115)<br />
                      org.testng.IDEARemoteTestNG.run(IDEARemoteTestNG.java:72)<br />
                      org.testng.RemoteTestNGStarter.main(RemoteTestNGStarter.java:123)<br />
                  </div>
          </div>
      </td>
</tr>
          <tr>
        <td colspan="3" class="group">Test_Pos_Subscription</td>
      </tr>
            
<tr>
  <td class="method">
                  testSubscription
      </td>
  <td class="duration">
    51,028s
  </td>
  <td class="result">
        
    
        

        <a href="javascript:toggleElement('exception-21', 'block')" title="Click to expand/collapse"><b>java.lang.AssertionError: The following asserts failed:<br/>
	expected [true] but found [false]</b></a><br />
    <div class="stackTrace" id="exception-21">
              actions.Verifier.assertTestPassed(Verifier.java:167)<br />
              Test_Pos_Subscription.testSubscription(Test_Pos_Subscription.java:39)<br />
              sun.reflect.NativeMethodAccessorImpl.invoke0(Native Method)<br />
              sun.reflect.NativeMethodAccessorImpl.invoke(NativeMethodAccessorImpl.java:62)<br />
              sun.reflect.DelegatingMethodAccessorImpl.invoke(DelegatingMethodAccessorImpl.java:43)<br />
              java.lang.reflect.Method.invoke(Method.java:498)<br />
              org.testng.internal.MethodInvocationHelper.invokeMethod(MethodInvocationHelper.java:108)<br />
              org.testng.internal.Invoker.invokeMethod(Invoker.java:661)<br />
              org.testng.internal.Invoker.invokeTestMethod(Invoker.java:869)<br />
              org.testng.internal.Invoker.invokeTestMethods(Invoker.java:1193)<br />
              org.testng.internal.TestMethodWorker.invokeTestMethods(TestMethodWorker.java:126)<br />
              org.testng.internal.TestMethodWorker.run(TestMethodWorker.java:109)<br />
              org.testng.TestRunner.privateRun(TestRunner.java:744)<br />
              org.testng.TestRunner.run(TestRunner.java:602)<br />
              org.testng.SuiteRunner.runTest(SuiteRunner.java:380)<br />
              org.testng.SuiteRunner.runSequentially(SuiteRunner.java:375)<br />
              org.testng.SuiteRunner.privateRun(SuiteRunner.java:340)<br />
              org.testng.SuiteRunner.run(SuiteRunner.java:289)<br />
              org.testng.SuiteRunnerWorker.runSuite(SuiteRunnerWorker.java:52)<br />
              org.testng.SuiteRunnerWorker.run(SuiteRunnerWorker.java:86)<br />
              org.testng.TestNG.runSuitesSequentially(TestNG.java:1301)<br />
              org.testng.TestNG.runSuitesLocally(TestNG.java:1226)<br />
              org.testng.TestNG.runSuites(TestNG.java:1144)<br />
              org.testng.TestNG.run(TestNG.java:1115)<br />
              org.testng.IDEARemoteTestNG.run(IDEARemoteTestNG.java:72)<br />
              org.testng.RemoteTestNGStarter.main(RemoteTestNGStarter.java:123)<br />
                </div>
      </td>
</tr>
      </table>


  <table class="resultsTable">
    <tr><th colspan="3" class="header passed">Passed Tests</th></tr>
          <tr>
        <td colspan="3" class="group">Test_Neg_CreateSite</td>
      </tr>
            
<tr>
  <td class="method">
                  createSiteNegative
      </td>
  <td class="duration">
    7,748s
  </td>
  <td class="result">
        
    
        

      </td>
</tr>
          <tr>
        <td colspan="3" class="group">Test_Neg_CreateTagList</td>
      </tr>
            
<tr>
  <td class="method">
                  createTagListNegative
      </td>
  <td class="duration">
    19,946s
  </td>
  <td class="result">
        
    
        

      </td>
</tr>
          <tr>
        <td colspan="3" class="group">Test_Neg_EditUTM</td>
      </tr>
            
<tr>
  <td class="method">
                  editUTMNegative
      </td>
  <td class="duration">
    10,924s
  </td>
  <td class="result">
        
    
        

      </td>
</tr>
          <tr>
        <td colspan="3" class="group">Test_Neg_Registration</td>
      </tr>
            
<tr>
  <td class="method">
                  registrationNegative
      </td>
  <td class="duration">
    25,289s
  </td>
  <td class="result">
        
    
        

      </td>
</tr>
          <tr>
        <td colspan="3" class="group">Test_Neg_RestorePassword</td>
      </tr>
            
<tr>
  <td class="method">
                  restorePasswordNegative
      </td>
  <td class="duration">
    20,327s
  </td>
  <td class="result">
        
    
        

      </td>
</tr>
          <tr>
        <td colspan="3" class="group">Test_Neg_SendMessage</td>
      </tr>
            
<tr>
  <td class="method">
                  sendMessageNegative
      </td>
  <td class="duration">
    56,451s
  </td>
  <td class="result">
        
    
        

      </td>
</tr>
          <tr>
        <td colspan="3" class="group">Test_Pos_ChangeSiteIcon</td>
      </tr>
            
<tr>
  <td class="method">
                  changePicture
      </td>
  <td class="duration">
    8,177s
  </td>
  <td class="result">
        
    
        

      </td>
</tr>
          <tr>
        <td colspan="3" class="group">Test_Pos_CreateHTTPSite</td>
      </tr>
            
<tr>
  <td class="method">
                  createHttpSitePos
      </td>
  <td class="duration">
    27,978s
  </td>
  <td class="result">
        
    
        

      </td>
</tr>
          <tr>
        <td colspan="3" class="group">Test_Pos_CreateWM</td>
      </tr>
            
<tr>
  <td class="method">
                  createWM
      </td>
  <td class="duration">
    17,671s
  </td>
  <td class="result">
        
    
        

      </td>
</tr>
          <tr>
        <td colspan="3" class="group">Test_Pos_CreateWMWithBigImage</td>
      </tr>
            
<tr>
  <td class="method">
                  createWMWithBigImagePos
      </td>
  <td class="duration">
    13,631s
  </td>
  <td class="result">
        
    
        

      </td>
</tr>
          <tr>
        <td colspan="3" class="group">Test_Pos_CreateWMWithButtons</td>
      </tr>
            
<tr>
  <td class="method">
                  createWMWithButtonsPos
      </td>
  <td class="duration">
    13,212s
  </td>
  <td class="result">
        
    
        

      </td>
</tr>
          <tr>
        <td colspan="3" class="group">Test_Pos_DeleteDelayedMessage</td>
      </tr>
            
<tr>
  <td class="method">
                  deleteDelayedMessage
      </td>
  <td class="duration">
    58,718s
  </td>
  <td class="result">
        
    
        

      </td>
</tr>
          <tr>
        <td colspan="3" class="group">Test_Pos_DeleteSite</td>
      </tr>
            
<tr>
  <td class="method">
                  deleteSiteTest
      </td>
  <td class="duration">
    25,026s
  </td>
  <td class="result">
        
    
        

      </td>
</tr>
          <tr>
        <td colspan="3" class="group">Test_Pos_EditDelayedMessage</td>
      </tr>
            
<tr>
  <td class="method">
                  editDelayedMessage
      </td>
  <td class="duration">
    21,222s
  </td>
  <td class="result">
        
    
        

      </td>
</tr>
          <tr>
        <td colspan="3" class="group">Test_Pos_EditUTM</td>
      </tr>
            
<tr>
  <td class="method">
                  editUTM
      </td>
  <td class="duration">
    41,581s
  </td>
  <td class="result">
        
    
        

      </td>
</tr>
          <tr>
        <td colspan="3" class="group">Test_Pos_LogInLogOut</td>
      </tr>
            
<tr>
  <td class="method">
                  logInOut
      </td>
  <td class="duration">
    14,047s
  </td>
  <td class="result">
        
    
        

      </td>
</tr>
          <tr>
        <td colspan="3" class="group">Test_Pos_NewSiteMailsMultiLanguage</td>
      </tr>
            
<tr>
  <td class="method">
                  testCreateSiteMails
      </td>
  <td class="duration">
    45,640s
  </td>
  <td class="result">
        
    
        

      </td>
</tr>
          <tr>
        <td colspan="3" class="group">Test_Pos_Registration</td>
      </tr>
            
<tr>
  <td class="method">
                  registration
      </td>
  <td class="duration">
    30,026s
  </td>
  <td class="result">
        
    
        

      </td>
</tr>
          <tr>
        <td colspan="3" class="group">Test_Pos_RestorePassword</td>
      </tr>
            
<tr>
  <td class="method">
                  restorePassword
      </td>
  <td class="duration">
    17,010s
  </td>
  <td class="result">
        
    
        

      </td>
</tr>
          <tr>
        <td colspan="3" class="group">Test_Pos_SendMessage</td>
      </tr>
            
<tr>
  <td class="method">
                  sendMessage
      </td>
  <td class="duration">
    14,884s
  </td>
  <td class="result">
        
    
        

      </td>
</tr>
          <tr>
        <td colspan="3" class="group">Test_Pos_SendMessageWithAlias</td>
      </tr>
            
<tr>
  <td class="method">
                  sendMessageWithAlias
      </td>
  <td class="duration">
    16,544s
  </td>
  <td class="result">
        
    
        

      </td>
</tr>
          <tr>
        <td colspan="3" class="group">Test_Pos_SendMessageWithUTM</td>
      </tr>
            
<tr>
  <td class="method">
                  sendMessageWithUTM
      </td>
  <td class="duration">
    15,983s
  </td>
  <td class="result">
        
    
        

      </td>
</tr>
          <tr>
        <td colspan="3" class="group">Test_Pos_SmokePayment</td>
      </tr>
            
<tr>
  <td class="method">
                  smokePayment
      </td>
  <td class="duration">
    41,070s
  </td>
  <td class="result">
        
    
        

      </td>
</tr>
          <tr>
        <td colspan="3" class="group">Test_Pos_UseTagsInCampaignFromTagListPage</td>
      </tr>
            
<tr>
  <td class="method">
                  useTagsInNewCampaignFromTagListPage
      </td>
  <td class="duration">
    52,232s
  </td>
  <td class="result">
        
    
        

      </td>
</tr>
      </table>
  
</body>
</html>
