{"uuid":"a27dabc7-40b3-4f11-bb55-e8acb1b8ffb5","historyId":"eba13583c82f130f6176d73be37268cb","fullName":"tests.statistictests.Test_Pos_Subscription.subscriptionTest","labels":[{"name":"package","value":"tests.statistictests.Test_Pos_Subscription"},{"name":"testClass","value":"tests.statistictests.Test_Pos_Subscription"},{"name":"testMethod","value":"subscriptionTest"},{"name":"parentSuite","value":"Chrome Suite"},{"name":"suite","value":"ADDING AND EDITING SITES"},{"name":"subSuite","value":"tests.statistictests.Test_Pos_Subscription"},{"name":"host","value":"imobilko-ПК"},{"name":"thread","value":"6268@imobilko-ПК.TestNG-test=ADDING AND EDITING SITES-2(30)"}],"links":[],"name":"subscriptionTest","status":"broken","statusDetails":{"known":false,"muted":false,"flaky":false,"message":"Expected condition failed: Element was not found (tried for 30 second(s) with 500 MILLISECONDS interval)","trace":"org.openqa.selenium.TimeoutException: Expected condition failed: Element was not found (tried for 30 second(s) with 500 MILLISECONDS interval)\r\n\tat org.openqa.selenium.support.ui.FluentWait.timeoutException(FluentWait.java:263)\r\n\tat org.openqa.selenium.support.ui.FluentWait.until(FluentWait.java:231)\r\n\tat pageobjects.MainAdminPage.getSiteId(MainAdminPage.java:92)\r\n\tat pageutils.NavigationUtil.getSiteID(NavigationUtil.java:39)\r\n\tat pageutils.NavigationUtil.open(NavigationUtil.java:24)\r\n\tat tests.statistictests.Test_Pos_Subscription.subscriptionTest(Test_Pos_Subscription.java:36)\r\n\tat sun.reflect.NativeMethodAccessorImpl.invoke0(Native Method)\r\n\tat sun.reflect.NativeMethodAccessorImpl.invoke(NativeMethodAccessorImpl.java:62)\r\n\tat sun.reflect.DelegatingMethodAccessorImpl.invoke(DelegatingMethodAccessorImpl.java:43)\r\n\tat java.lang.reflect.Method.invoke(Method.java:498)\r\n\tat org.testng.internal.MethodInvocationHelper.invokeMethod(MethodInvocationHelper.java:124)\r\n\tat org.testng.internal.Invoker.invokeMethod(Invoker.java:580)\r\n\tat org.testng.internal.Invoker.retryFailed(Invoker.java:838)\r\n\tat org.testng.internal.Invoker.invokeTestMethods(Invoker.java:1009)\r\n\tat org.testng.internal.TestMethodWorker.invokeTestMethods(TestMethodWorker.java:125)\r\n\tat org.testng.internal.TestMethodWorker.run(TestMethodWorker.java:109)\r\n\tat java.util.concurrent.ThreadPoolExecutor.runWorker(ThreadPoolExecutor.java:1149)\r\n\tat java.util.concurrent.ThreadPoolExecutor$Worker.run(ThreadPoolExecutor.java:624)\r\n\tat java.lang.Thread.run(Thread.java:748)\r\nCaused by: org.openqa.selenium.NoSuchElementException: Cannot locate an element using By.xpath: //a[text()='https://grv49.mpsdevelopment.com']/../following-sibling::td/a\nFor documentation on this error, please visit: http://seleniumhq.org/exceptions/no_such_element.html\nBuild info: version: '3.9.1', revision: '63f7b50', time: '2018-02-07T22:25:02.294Z'\nSystem info: host: 'IMOBILKO-ПК', ip: '192.168.56.1', os.name: 'Windows 7', os.arch: 'amd64', os.version: '6.1', java.version: '1.8.0_144'\nDriver info: driver.version: unknown\r\n\tat org.openqa.selenium.support.ui.ExpectedConditions.lambda$findElement$0(ExpectedConditions.java:896)\r\n\tat java.util.Optional.orElseThrow(Optional.java:290)\r\n\tat org.openqa.selenium.support.ui.ExpectedConditions.findElement(ExpectedConditions.java:895)\r\n\tat org.openqa.selenium.support.ui.ExpectedConditions.access$000(ExpectedConditions.java:44)\r\n\tat org.openqa.selenium.support.ui.ExpectedConditions$6.apply(ExpectedConditions.java:183)\r\n\tat org.openqa.selenium.support.ui.ExpectedConditions$6.apply(ExpectedConditions.java:180)\r\n\tat org.openqa.selenium.support.ui.FluentWait.until(FluentWait.java:208)\r\n\t... 17 more\r\n"},"stage":"finished","start":1519936377599,"stop":1519936413858,"parameters":[{"name":"clickOnPush","value":"true"},{"name":"browser","value":"chrome"},{"name":"arg0","value":"https://grv49.mpsdevelopment.com"}]}