<!DOCTYPE html PUBLIC "-//W3C//DTD XHTML 1.1//EN" "http://www.w3.org/TR/xhtml11/DTD/xhtml11.dtd">
<html xmlns="http://www.w3.org/1999/xhtml">
<head>
<title>TestNG Report</title>
<style type="text/css">
table {margin-bottom:10px;border-collapse:collapse;empty-cells:show}
td,th {border:1px solid #009;padding:.25em .5em}
.result th {vertical-align:bottom}
.param th {padding-left:1em;padding-right:1em}
.param td {padding-left:.5em;padding-right:2em}
.stripe td,.stripe th {background-color: #E6EBF9}
.numi,.numi_attn {text-align:right}
.total td {font-weight:bold}
.passedodd td {background-color: #0A0}
.passedeven td {background-color: #3F3}
.skippedodd td {background-color: #CCC}
.skippedodd td {background-color: #DDD}
.failedodd td,.numi_attn {background-color: #F33}
.failedeven td,.stripe .numi_attn {background-color: #D00}
.stacktrace {white-space:pre;font-family:monospace}
.totop {font-size:85%;text-align:center;border-bottom:2px solid #000}
</style>
</head>
<body>
<center><h1>PROD Test Report - 2017/10/20 21:51:00</h1></center><table cellspacing="0" cellpadding="0" class="testOverview">
<tr><th>Test</th><th>Methods<br/>Passed</th><th># skipped</th><th># failed</th><th>Browser</th><th>Start<br/>Time</th><th>End<br/>Time</th><th>Total<br/>Time(hh:mm:ss)</th><th>Included<br/>Groups</th><th>Excluded<br/>Groups</th></tr>
<tr><th colspan="10">ChromeSuite</th></tr>
<tr><td style="text-align:left;padding-right:2em"><a href="#t1"><b>Functional Run</b></a></td><td class="numi">24</td><td class="numi">0</td><td class="numi_attn">13</td><td class="numi">null</td></td>
<td class="numi">09:31:47</td></td>
<td class="numi">09:50:59</td></td>
<td class="numi">00:19:12</td><td class="numi"></td><td class="numi"></td></tr>
</table>
<table cellspacing="0" cellpadding="0" class="methodOverview" id="summary">
<tr><th>Class</th><th>Method</th><th>Exception Info</th><th>Start Time </th><th>Execution Time<br/>(hh:mm:ss)</th></tr>
<tr><th colspan="5">ChromeSuite</th></tr>
<tr id="t1><th colspan="5">Functional Run &#8212; failed (configuration methods)</th></tr>
<tr class="failedodd"><td>Test_Neg_CreateTagList</td><td><a href="#m1"><b>closeWebDriver</b>  </a></td><td class="numi" style="text-align:left;padding-right:2em">org.openqa.selenium.ElementNotVisibleException: element not visible<br/></td><td style="text-align:right">09:50:59</td><td class="numi">00:00:00</td></tr>
<tr><th colspan="5">Functional Run &#8212; failed</th></tr>
<tr class="failedodd"><td>Test_Neg_CreateTagList</td><td><a href="#m2"><b>createTagListNegative</b> (negative, tag list) </a></td><td class="numi" style="text-align:left;padding-right:2em">org.openqa.selenium.TimeoutException: Expected condition failed: Element was not found (tried for 30 second(s) with 500 MILLISECONDS interval)<br/></td><td style="text-align:right">09:50:25</td><td class="numi">00:00:34</td></tr>
<tr class="failedeven"><td>Test_Neg_LogIn</td><td><a href="#m3"><b>logInNegative</b> (negative) </a></td><td class="numi" style="text-align:left;padding-right:2em">java.lang.AssertionError: The following asserts failed:<br/></td><td style="text-align:right">09:48:44</td><td class="numi">00:00:21</td></tr>
<tr class="failedodd"><td>Test_Pos_AddNewAlias</td><td><a href="#m4"><b>addNewAlias</b> (alias, subscription, advanced settings) </a></td><td class="numi" style="text-align:left;padding-right:2em">org.openqa.selenium.WebDriverException: unknown error: Gravitec: User has to subscribe at first<br/></td><td style="text-align:right">09:44:01</td><td class="numi">00:00:05</td></tr>
<tr class="failedeven"><td>Test_Pos_AddNewTag</td><td><a href="#m5"><b>addNewTag</b> (subscription, advanced settings, tags) </a></td><td class="numi" style="text-align:left;padding-right:2em">org.openqa.selenium.WebDriverException: unknown error: Gravitec: User has to subscribe at first<br/></td><td style="text-align:right">09:43:55</td><td class="numi">00:00:06</td></tr>
<tr class="failedodd"><td>Test_Pos_CopyCampaign</td><td><a href="#m6"><b>copyCampain</b> (buttons, copy campaign, active elements, alias, send push, advanced settings, big image, tags) </a></td><td class="numi" style="text-align:left;padding-right:2em">java.lang.ArrayIndexOutOfBoundsException: 1<br/></td><td style="text-align:right">09:46:41</td><td class="numi">00:00:27</td></tr>
<tr class="failedeven"><td>Test_Pos_CreateTagList</td><td><a href="#m7"><b>createTagList</b> (tag list) </a></td><td class="numi" style="text-align:left;padding-right:2em">org.openqa.selenium.TimeoutException: Expected condition failed: Element was not found (tried for 30 second(s) with 500 MILLISECONDS interval)<br/></td><td style="text-align:right">09:47:09</td><td class="numi">00:00:36</td></tr>
<tr class="failedodd"><td>Test_Pos_CreateWMWithBigImage</td><td><a href="#m8"><b>createWMWithBigImagePos</b> (WM) </a></td><td class="numi" style="text-align:left;padding-right:2em">java.lang.AssertionError: The following asserts failed:<br/></td><td style="text-align:right">09:36:30</td><td class="numi">00:00:17</td></tr>
<tr class="failedeven"><td>Test_Pos_CreateWMWithButtons</td><td><a href="#m9"><b>createWMWithButtonsPos</b> (WM) </a></td><td class="numi" style="text-align:left;padding-right:2em">java.lang.AssertionError: The following asserts failed:<br/></td><td style="text-align:right">09:36:11</td><td class="numi">00:00:19</td></tr>
<tr class="failedodd"><td>Test_Pos_DeleteSite</td><td><a href="#m10"><b>deleteSiteTest</b>  </a></td><td class="numi" style="text-align:left;padding-right:2em">javax.mail.AuthenticationFailedException: [ALERT] Too many simultaneous connections. (Failure)<br/></td><td style="text-align:right">09:35:40</td><td class="numi">00:00:09</td></tr>
<tr class="failedeven"><td>Test_Pos_SendDelayedMessage</td><td><a href="#m11"><b>sendDelayedMessage</b> (delayed push, send push) </a></td><td class="numi" style="text-align:left;padding-right:2em">org.openqa.selenium.TimeoutException: Expected condition failed: Element was not found (tried for 30 second(s) with 500 MILLISECONDS interval)<br/></td><td style="text-align:right">09:38:06</td><td class="numi">00:00:44</td></tr>
<tr class="failedodd"><td>Test_Pos_SendMessageWithAlias</td><td><a href="#m12"><b>sendMessageWithAlias</b> (alias, send push, advanced settings) </a></td><td class="numi" style="text-align:left;padding-right:2em">org.openqa.selenium.TimeoutException: Expected condition failed: Element was not found (tried for 30 second(s) with 500 MILLISECONDS interval)<br/></td><td style="text-align:right">09:44:44</td><td class="numi">00:01:07</td></tr>
<tr class="failedeven"><td>Test_Pos_SendMessageWithTags</td><td><a href="#m13"><b>sendMessageWithTags</b> (send push, advanced settings, tags) </a></td><td class="numi" style="text-align:left;padding-right:2em">org.openqa.selenium.TimeoutException: Expected condition failed: Element was not found (tried for 30 second(s) with 500 MILLISECONDS interval)<br/></td><td style="text-align:right">09:44:06</td><td class="numi">00:00:38</td></tr>
<tr class="failedodd"><td>Test_Pos_Subscription</td><td><a href="#m14"><b>testSubscription</b> (subscription) </a></td><td class="numi" style="text-align:left;padding-right:2em">java.lang.AssertionError: The following asserts failed:<br/></td><td style="text-align:right">09:36:47</td><td class="numi">00:00:53</td></tr>
<tr><th colspan="5">Functional Run &#8212; skipped (configuration methods)</th></tr>
<tr class="skippedodd"><td>Test_Pos_LogInLogOut</td><td><a href="#m15"><b>endTest</b>  </a></td><td class="numi" style="text-align:left;padding-right:2em"><br/></td><td style="text-align:right">09:50:59</td><td class="numi">00:00:00</td></tr>
<tr><th colspan="5">Functional Run &#8212; passed</th></tr>
<tr class="passedodd"><td>Test_Neg_CreateSite</td><td><a href="#m16"><b>createSiteNegative</b> (negative, new site) </a></td><td class="numi" style="text-align:left;padding-right:2em"><br/></td><td style="text-align:right">09:49:47</td><td class="numi">00:00:08</td></tr>
<tr class="passedeven"><td>Test_Neg_CreateWM</td><td><a href="#m17"><b>createWMnegative</b> (negative, WM) </a></td><td class="numi" style="text-align:left;padding-right:2em"><br/></td><td style="text-align:right">09:49:55</td><td class="numi">00:00:10</td></tr>
<tr class="passedodd"><td>Test_Neg_EditUTM</td><td><a href="#m18"><b>editUTMNegative</b> (negative, UTM) </a></td><td class="numi" style="text-align:left;padding-right:2em"><br/></td><td style="text-align:right">09:50:15</td><td class="numi">00:00:10</td></tr>
<tr class="passedeven"><td>Test_Neg_Registration</td><td><a href="#m19"><b>registrationNegative</b> (negative) </a></td><td class="numi" style="text-align:left;padding-right:2em"><br/></td><td style="text-align:right">09:49:05</td><td class="numi">00:00:24</td></tr>
<tr class="passedodd"><td>Test_Neg_RestorePassword</td><td><a href="#m20"><b>restorePasswordNegative</b> (negative) </a></td><td class="numi" style="text-align:left;padding-right:2em"><br/></td><td style="text-align:right">09:49:29</td><td class="numi">00:00:18</td></tr>
<tr class="passedeven"><td>Test_Neg_SendMessage</td><td><a href="#m21"><b>sendMessageNegative</b> (negative, send push) </a></td><td class="numi" style="text-align:left;padding-right:2em"><br/></td><td style="text-align:right">09:50:05</td><td class="numi">00:00:10</td></tr>
<tr class="passedodd"><td>Test_Pos_ChangeSiteIcon</td><td><a href="#m22"><b>changePicture</b> (icon, site icon, site settings) </a></td><td class="numi" style="text-align:left;padding-right:2em"><br/></td><td style="text-align:right">09:37:40</td><td class="numi">00:00:08</td></tr>
<tr class="passedeven"><td>Test_Pos_CreateHTTPSite</td><td><a href="#m23"><b>createHttpSitePos</b>  </a></td><td class="numi" style="text-align:left;padding-right:2em"><br/></td><td style="text-align:right">09:35:13</td><td class="numi">00:00:27</td></tr>
<tr class="passedodd"><td>Test_Pos_CreateWM</td><td><a href="#m24"><b>createWM</b> (WM) </a></td><td class="numi" style="text-align:left;padding-right:2em"><br/></td><td style="text-align:right">09:35:50</td><td class="numi">00:00:21</td></tr>
<tr class="passedeven"><td>Test_Pos_DeleteDelayedMessage</td><td><a href="#m25"><b>deleteDelayedMessage</b> (delayed push, send push) </a></td><td class="numi" style="text-align:left;padding-right:2em"><br/></td><td style="text-align:right">09:39:37</td><td class="numi">00:04:07</td></tr>
<tr class="passedodd"><td>Test_Pos_EditUTM</td><td><a href="#m26"><b>editUTM</b> (site settings, UTM) </a></td><td class="numi" style="text-align:left;padding-right:2em"><br/></td><td style="text-align:right">09:43:44</td><td class="numi">00:00:11</td></tr>
<tr class="passedeven"><td>Test_Pos_LogInLogOut</td><td><a href="#m27"><b>logInOut</b>  </a></td><td class="numi" style="text-align:left;padding-right:2em"><br/></td><td style="text-align:right">09:31:51</td><td class="numi">00:00:10</td></tr>
<tr class="passedodd"><td>Test_Pos_NewSiteMailsMultiLanguage</td><td><a href="#m28"><b>testCreateSiteMails</b> (mails, new site) </a></td><td class="numi" style="text-align:left;padding-right:2em"><br/></td><td style="text-align:right">09:34:45</td><td class="numi">00:00:28</td></tr>
<tr class="passedeven"><td>Test_Pos_RecoverPassMultiLanguage</td><td><a href="#m29"><b>testRecoverPasswordMail</b> (mails, recover password) </a></td><td class="numi" style="text-align:left;padding-right:2em"><br/></td><td style="text-align:right">09:33:57</td><td class="numi">00:00:48</td></tr>
<tr class="passedodd"><td>Test_Pos_Registration</td><td><a href="#m30"><b>registration</b> (mails, registration) </a></td><td class="numi" style="text-align:left;padding-right:2em"><br/></td><td style="text-align:right">09:32:02</td><td class="numi">00:00:55</td></tr>
<tr class="passedeven"><td>Test_Pos_RegistrationEmailsMultiLanguage</td><td><a href="#m31"><b>testRegistrationMails</b> (mails, registration) </a></td><td class="numi" style="text-align:left;padding-right:2em"><br/></td><td style="text-align:right">09:33:09</td><td class="numi">00:00:48</td></tr>
<tr class="passedodd"><td>Test_Pos_RestorePassword</td><td><a href="#m32"><b>restorePassword</b> (mails, recover password) </a></td><td class="numi" style="text-align:left;padding-right:2em"><br/></td><td style="text-align:right">09:32:57</td><td class="numi">00:00:12</td></tr>
<tr class="passedeven"><td>Test_Pos_SendDelayedMessageImmediately</td><td><a href="#m33"><b>sendDelayedMessageImmediately</b> (delayed push, send push) </a></td><td class="numi" style="text-align:left;padding-right:2em"><br/></td><td style="text-align:right">09:38:50</td><td class="numi">00:00:47</td></tr>
<tr class="passedodd"><td>Test_Pos_SendMessage</td><td><a href="#m34"><b>sendMessage</b> (send push) </a></td><td class="numi" style="text-align:left;padding-right:2em"><br/></td><td style="text-align:right">09:37:48</td><td class="numi">00:00:18</td></tr>
<tr class="passedeven"><td>Test_Pos_SendMessageWithBigImage</td><td><a href="#m35"><b>sendMessageWithBIGImage</b> (active elements, send push, big image) </a></td><td class="numi" style="text-align:left;padding-right:2em"><br/></td><td style="text-align:right">09:46:20</td><td class="numi">00:00:21</td></tr>
<tr class="passedodd"><td>Test_Pos_SendMessageWithButtons</td><td><a href="#m36"><b>sendMessageWithButtons</b> (buttons, active elements, send push) </a></td><td class="numi" style="text-align:left;padding-right:2em"><br/></td><td style="text-align:right">09:46:03</td><td class="numi">00:00:17</td></tr>
<tr class="passedeven"><td>Test_Pos_SendMessageWithUTM</td><td><a href="#m37"><b>sendMessageWithUTM</b> (send push, UTM) </a></td><td class="numi" style="text-align:left;padding-right:2em"><br/></td><td style="text-align:right">09:45:51</td><td class="numi">00:00:12</td></tr>
<tr class="passedodd"><td>Test_Pos_SmokePayment</td><td><a href="#m38"><b>smokePayment</b> (billing) </a></td><td class="numi" style="text-align:left;padding-right:2em"><br/></td><td style="text-align:right">09:48:35</td><td class="numi">00:00:09</td></tr>
<tr class="passedeven"><td>Test_Pos_UseTagsInCampaignFromTagListPage</td><td><a href="#m39"><b>useTagsInNewCampaignFromTagListPage</b> (tag list, send push, tags) </a></td><td class="numi" style="text-align:left;padding-right:2em"><br/></td><td style="text-align:right">09:47:45</td><td class="numi">00:00:50</td></tr>
</table>
<h1>Functional Run</h1>
<h2 id="m1">Test_Neg_CreateTagList:closeWebDriver</h2>
<table cellspacing="0" cellpadding="0" class="result">
<tr class="param"><th>Param.1</th></tr>
<tr class="param stripe"><td>chrome</td>
</tr>
<tr><td>
<div class="stacktrace">org.openqa.selenium.ElementNotVisibleException: element not visible
  (Session info: chrome=62.0.3202.62)
  (Driver info: chromedriver=2.33.506120 (e3e53437346286c0bc2d2dc9aa4915ba81d9023f),platform=Windows NT 6.1.7601 SP1 x86_64) (WARNING: The server did not provide any stacktrace information)
Command duration or timeout: 0 milliseconds
Build info: version: &apos;3.6.0&apos;, revision: &apos;6fbf3ec767&apos;, time: &apos;2017-09-27T15:28:36.4Z&apos;
System info: host: &apos;IMOBILKO-ПК&apos;, ip: &apos;10.8.0.27&apos;, os.name: &apos;Windows 7&apos;, os.arch: &apos;amd64&apos;, os.version: &apos;6.1&apos;, java.version: &apos;1.8.0_144&apos;
Driver info: org.openqa.selenium.chrome.ChromeDriver
Capabilities [{mobileEmulationEnabled=false, hasTouchScreen=false, platform=XP, acceptSslCerts=true, webStorageEnabled=true, browserName=chrome, takesScreenshot=true, javascriptEnabled=true, platformName=XP, setWindowRect=true, unexpectedAlertBehaviour=, applicationCacheEnabled=false, rotatable=false, networkConnectionEnabled=false, chrome={chromedriverVersion=2.33.506120 (e3e53437346286c0bc2d2dc9aa4915ba81d9023f), userDataDir=C:\Users\OLEKSI~1\AppData\Local\Temp\scoped_dir5388_11533}, takesHeapSnapshot=true, pageLoadStrategy=normal, unhandledPromptBehavior=, databaseEnabled=false, handlesAlerts=true, version=62.0.3202.62, browserConnectionEnabled=false, nativeEvents=true, locationContextEnabled=true, cssSelectorsEnabled=true}]
Session ID: 8c2a1a7342aefda9c19792e448d0d606
	at org.openqa.selenium.remote.ErrorHandler.createThrowable(ErrorHandler.java:214)
	at org.openqa.selenium.remote.ErrorHandler.throwIfResponseFailed(ErrorHandler.java:166)
	at org.openqa.selenium.remote.http.JsonHttpResponseCodec.reconstructValue(JsonHttpResponseCodec.java:40)
	at org.openqa.selenium.remote.http.AbstractHttpResponseCodec.decode(AbstractHttpResponseCodec.java:82)
	at org.openqa.selenium.remote.http.AbstractHttpResponseCodec.decode(AbstractHttpResponseCodec.java:45)
	at org.openqa.selenium.remote.HttpCommandExecutor.execute(HttpCommandExecutor.java:164)
	at org.openqa.selenium.remote.service.DriverCommandExecutor.execute(DriverCommandExecutor.java:83)
	at org.openqa.selenium.remote.RemoteWebDriver.execute(RemoteWebDriver.java:586)
	at org.openqa.selenium.remote.RemoteWebElement.execute(RemoteWebElement.java:279)
	at org.openqa.selenium.remote.RemoteWebElement.click(RemoteWebElement.java:83)
	at SeleniumBaseClass.closeWebDriver(SeleniumBaseClass.java:81)
... Removed 27 stack frames</div>
</td></tr>
</table>
<p class="totop"><a href="#summary">back to summary</a></p>
<h2 id="m2">Test_Neg_CreateTagList:createTagListNegative</h2>
<div>
<div class="stacktrace">org.openqa.selenium.TimeoutException: Expected condition failed: Element was not found (tried for 30 second(s) with 500 MILLISECONDS interval)
Build info: version: &apos;3.6.0&apos;, revision: &apos;6fbf3ec767&apos;, time: &apos;2017-09-27T15:28:36.4Z&apos;
System info: host: &apos;IMOBILKO-ПК&apos;, ip: &apos;10.8.0.27&apos;, os.name: &apos;Windows 7&apos;, os.arch: &apos;amd64&apos;, os.version: &apos;6.1&apos;, java.version: &apos;1.8.0_144&apos;
Driver info: driver.version: unknown
	at org.openqa.selenium.support.ui.FluentWait.timeoutException(FluentWait.java:263)
	at org.openqa.selenium.support.ui.FluentWait.until(FluentWait.java:231)
	at Test_Neg_CreateTagList.createTagListNegative(Test_Neg_CreateTagList.java:42)
... Removed 24 stack frames</div>
</div>
<p class="totop"><a href="#summary">back to summary</a></p>
<h2 id="m3">Test_Neg_LogIn:logInNegative</h2>
<div>
<div class="stacktrace">java.lang.AssertionError: The following asserts failed:
	expected [Incorrect email] but found [User with e-mail does not exist],
	expected [Неверный email] but found [Пользователей с электронной почтой не существует],
	expected [Nieprawidłowy email] but found [Użytkownik zarejestrowany jako nie istnieje],
	expected [Falsche e-Mail-Adresse] but found [Benutzer mit dieser E-Mail existiert nicht]
	at actions.Verifier.assertTestPassed(Verifier.java:167)
	at Test_Neg_LogIn.logInNegative(Test_Neg_LogIn.java:70)
... Removed 24 stack frames</div>
</div>
<p class="totop"><a href="#summary">back to summary</a></p>
<h2 id="m4">Test_Pos_AddNewAlias:addNewAlias</h2>
<div>
<div class="stacktrace">org.openqa.selenium.WebDriverException: unknown error: Gravitec: User has to subscribe at first
  (Session info: chrome=62.0.3202.62)
  (Driver info: chromedriver=2.33.506120 (e3e53437346286c0bc2d2dc9aa4915ba81d9023f),platform=Windows NT 6.1.7601 SP1 x86_64) (WARNING: The server did not provide any stacktrace information)
Command duration or timeout: 0 milliseconds
Build info: version: &apos;3.6.0&apos;, revision: &apos;6fbf3ec767&apos;, time: &apos;2017-09-27T15:28:36.4Z&apos;
System info: host: &apos;IMOBILKO-ПК&apos;, ip: &apos;10.8.0.27&apos;, os.name: &apos;Windows 7&apos;, os.arch: &apos;amd64&apos;, os.version: &apos;6.1&apos;, java.version: &apos;1.8.0_144&apos;
Driver info: org.openqa.selenium.chrome.ChromeDriver
Capabilities [{mobileEmulationEnabled=false, hasTouchScreen=false, platform=XP, acceptSslCerts=true, webStorageEnabled=true, browserName=chrome, takesScreenshot=true, javascriptEnabled=true, platformName=XP, setWindowRect=true, unexpectedAlertBehaviour=, applicationCacheEnabled=false, rotatable=false, networkConnectionEnabled=false, chrome={chromedriverVersion=2.33.506120 (e3e53437346286c0bc2d2dc9aa4915ba81d9023f), userDataDir=C:\Users\OLEKSI~1\AppData\Local\Temp\scoped_dir5388_11533}, takesHeapSnapshot=true, pageLoadStrategy=normal, unhandledPromptBehavior=, databaseEnabled=false, handlesAlerts=true, version=62.0.3202.62, browserConnectionEnabled=false, nativeEvents=true, locationContextEnabled=true, cssSelectorsEnabled=true}]
Session ID: 8c2a1a7342aefda9c19792e448d0d606
	at org.openqa.selenium.remote.ErrorHandler.createThrowable(ErrorHandler.java:214)
	at org.openqa.selenium.remote.ErrorHandler.throwIfResponseFailed(ErrorHandler.java:166)
	at org.openqa.selenium.remote.http.JsonHttpResponseCodec.reconstructValue(JsonHttpResponseCodec.java:40)
	at org.openqa.selenium.remote.http.AbstractHttpResponseCodec.decode(AbstractHttpResponseCodec.java:82)
	at org.openqa.selenium.remote.http.AbstractHttpResponseCodec.decode(AbstractHttpResponseCodec.java:45)
	at org.openqa.selenium.remote.HttpCommandExecutor.execute(HttpCommandExecutor.java:164)
	at org.openqa.selenium.remote.service.DriverCommandExecutor.execute(DriverCommandExecutor.java:83)
	at org.openqa.selenium.remote.RemoteWebDriver.execute(RemoteWebDriver.java:586)
	at org.openqa.selenium.remote.RemoteWebDriver.executeScript(RemoteWebDriver.java:522)
	at actions.JSRunner.addNewAlias(JSRunner.java:36)
	at actions.UserActions.addNewAlias(UserActions.java:164)
	at Test_Pos_AddNewAlias.addNewAlias(Test_Pos_AddNewAlias.java:18)
... Removed 28 stack frames</div>
</div>
<p class="totop"><a href="#summary">back to summary</a></p>
<h2 id="m5">Test_Pos_AddNewTag:addNewTag</h2>
<div>
<div class="stacktrace">org.openqa.selenium.WebDriverException: unknown error: Gravitec: User has to subscribe at first
  (Session info: chrome=62.0.3202.62)
  (Driver info: chromedriver=2.33.506120 (e3e53437346286c0bc2d2dc9aa4915ba81d9023f),platform=Windows NT 6.1.7601 SP1 x86_64) (WARNING: The server did not provide any stacktrace information)
Command duration or timeout: 0 milliseconds
Build info: version: &apos;3.6.0&apos;, revision: &apos;6fbf3ec767&apos;, time: &apos;2017-09-27T15:28:36.4Z&apos;
System info: host: &apos;IMOBILKO-ПК&apos;, ip: &apos;10.8.0.27&apos;, os.name: &apos;Windows 7&apos;, os.arch: &apos;amd64&apos;, os.version: &apos;6.1&apos;, java.version: &apos;1.8.0_144&apos;
Driver info: org.openqa.selenium.chrome.ChromeDriver
Capabilities [{mobileEmulationEnabled=false, hasTouchScreen=false, platform=XP, acceptSslCerts=true, webStorageEnabled=true, browserName=chrome, takesScreenshot=true, javascriptEnabled=true, platformName=XP, setWindowRect=true, unexpectedAlertBehaviour=, applicationCacheEnabled=false, rotatable=false, networkConnectionEnabled=false, chrome={chromedriverVersion=2.33.506120 (e3e53437346286c0bc2d2dc9aa4915ba81d9023f), userDataDir=C:\Users\OLEKSI~1\AppData\Local\Temp\scoped_dir5388_11533}, takesHeapSnapshot=true, pageLoadStrategy=normal, unhandledPromptBehavior=, databaseEnabled=false, handlesAlerts=true, version=62.0.3202.62, browserConnectionEnabled=false, nativeEvents=true, locationContextEnabled=true, cssSelectorsEnabled=true}]
Session ID: 8c2a1a7342aefda9c19792e448d0d606
	at org.openqa.selenium.remote.ErrorHandler.createThrowable(ErrorHandler.java:214)
	at org.openqa.selenium.remote.ErrorHandler.throwIfResponseFailed(ErrorHandler.java:166)
	at org.openqa.selenium.remote.http.JsonHttpResponseCodec.reconstructValue(JsonHttpResponseCodec.java:40)
	at org.openqa.selenium.remote.http.AbstractHttpResponseCodec.decode(AbstractHttpResponseCodec.java:82)
	at org.openqa.selenium.remote.http.AbstractHttpResponseCodec.decode(AbstractHttpResponseCodec.java:45)
	at org.openqa.selenium.remote.HttpCommandExecutor.execute(HttpCommandExecutor.java:164)
	at org.openqa.selenium.remote.service.DriverCommandExecutor.execute(DriverCommandExecutor.java:83)
	at org.openqa.selenium.remote.RemoteWebDriver.execute(RemoteWebDriver.java:586)
	at org.openqa.selenium.remote.RemoteWebDriver.executeScript(RemoteWebDriver.java:522)
	at actions.JSRunner.addNewTag(JSRunner.java:25)
	at actions.UserActions.addNewTag(UserActions.java:151)
	at Test_Pos_AddNewTag.addNewTag(Test_Pos_AddNewTag.java:25)
... Removed 28 stack frames</div>
</div>
<p class="totop"><a href="#summary">back to summary</a></p>
<h2 id="m6">Test_Pos_CopyCampaign:copyCampain</h2>
<div>
<div class="stacktrace">java.lang.ArrayIndexOutOfBoundsException: 1
	at pageobjects.CampaignReportPage.getUTM_source(CampaignReportPage.java:92)
	at Test_Pos_CopyCampaign.copyCampain(Test_Pos_CopyCampaign.java:112)
... Removed 24 stack frames</div>
</div>
<p class="totop"><a href="#summary">back to summary</a></p>
<h2 id="m7">Test_Pos_CreateTagList:createTagList</h2>
<div>
<div class="stacktrace">org.openqa.selenium.TimeoutException: Expected condition failed: Element was not found (tried for 30 second(s) with 500 MILLISECONDS interval)
	at org.openqa.selenium.support.ui.FluentWait.timeoutException(FluentWait.java:263)
	at org.openqa.selenium.support.ui.FluentWait.until(FluentWait.java:231)
	at pageobjects.TagListPage.addTagsToNewTL(TagListPage.java:65)
	at Test_Pos_CreateTagList.createTagList(Test_Pos_CreateTagList.java:27)
Caused by: org.openqa.selenium.NoSuchElementException: Cannot locate an element using By.cssSelector: i[class*=&apos;fa-arrow-circle-right&apos;]
For documentation on this error, please visit: http://seleniumhq.org/exceptions/no_such_element.html
Build info: version: &apos;3.6.0&apos;, revision: &apos;6fbf3ec767&apos;, time: &apos;2017-09-27T15:28:36.4Z&apos;
System info: host: &apos;IMOBILKO-ПК&apos;, ip: &apos;10.8.0.27&apos;, os.name: &apos;Windows 7&apos;, os.arch: &apos;amd64&apos;, os.version: &apos;6.1&apos;, java.version: &apos;1.8.0_144&apos;
Driver info: driver.version: unknown
	at org.openqa.selenium.support.ui.ExpectedConditions.lambda$findElement$0(ExpectedConditions.java:882)
	at java.util.Optional.orElseThrow(Optional.java:290)
	at org.openqa.selenium.support.ui.ExpectedConditions.findElement(ExpectedConditions.java:881)
	at org.openqa.selenium.support.ui.ExpectedConditions.access$000(ExpectedConditions.java:43)
	at org.openqa.selenium.support.ui.ExpectedConditions$7.apply(ExpectedConditions.java:205)
	at org.openqa.selenium.support.ui.ExpectedConditions$7.apply(ExpectedConditions.java:201)
	at org.openqa.selenium.support.ui.FluentWait.until(FluentWait.java:208)
	... 26 more
... Removed 24 stack frames</div>
</div>
<p class="totop"><a href="#summary">back to summary</a></p>
<h2 id="m8">Test_Pos_CreateWMWithBigImage:createWMWithBigImagePos</h2>
<div>
<div class="stacktrace">java.lang.AssertionError: The following asserts failed:
	No siteId in current URL: https://push.gravitec.net/sites//welcome-messages/create
	at actions.Verifier.assertTestPassed(Verifier.java:167)
	at Test_Pos_CreateWMWithBigImage.createWMWithBigImagePos(Test_Pos_CreateWMWithBigImage.java:61)
... Removed 24 stack frames</div>
</div>
<p class="totop"><a href="#summary">back to summary</a></p>
<h2 id="m9">Test_Pos_CreateWMWithButtons:createWMWithButtonsPos</h2>
<div>
<div class="stacktrace">java.lang.AssertionError: The following asserts failed:
	No siteId in current URL: https://push.gravitec.net/sites//welcome-messages/create
	at actions.Verifier.assertTestPassed(Verifier.java:167)
	at Test_Pos_CreateWMWithButtons.createWMWithButtonsPos(Test_Pos_CreateWMWithButtons.java:64)
... Removed 24 stack frames</div>
</div>
<p class="totop"><a href="#summary">back to summary</a></p>
<h2 id="m10">Test_Pos_DeleteSite:deleteSiteTest</h2>
<div>
<div class="stacktrace">javax.mail.AuthenticationFailedException: [ALERT] Too many simultaneous connections. (Failure)
	at com.sun.mail.imap.IMAPStore.protocolConnect(IMAPStore.java:474)
	at javax.mail.Service.connect(Service.java:275)
	at javax.mail.Service.connect(Service.java:156)
	at com.selenium.MailService.getLastMessageFromGravitec(MailService.java:44)
	at com.selenium.MailService.getCreatedSiteUrl(MailService.java:175)
	at actions.UserActions.checkCreateSiteMail(UserActions.java:52)
	at Test_Pos_DeleteSite.deleteSiteTest(Test_Pos_DeleteSite.java:21)
... Removed 24 stack frames</div>
</div>
<p class="totop"><a href="#summary">back to summary</a></p>
<h2 id="m11">Test_Pos_SendDelayedMessage:sendDelayedMessage</h2>
<div>
<div class="stacktrace">org.openqa.selenium.TimeoutException: Expected condition failed: Element was not found (tried for 30 second(s) with 500 MILLISECONDS interval)
	at org.openqa.selenium.support.ui.FluentWait.timeoutException(FluentWait.java:263)
	at org.openqa.selenium.support.ui.FluentWait.until(FluentWait.java:231)
	at pageobjects.CreateCampaignPage.clickOkPopUp(CreateCampaignPage.java:430)
	at pageobjects.CreateCampaignPage.sendPush(CreateCampaignPage.java:418)
	at Test_Pos_SendDelayedMessage.sendDelayedMessage(Test_Pos_SendDelayedMessage.java:41)
Caused by: org.openqa.selenium.NoSuchElementException: Cannot locate an element using By.cssSelector: button[class=&quot;confirm ng-binding&quot;][ng-bind=&quot;ok | translate&quot;]
For documentation on this error, please visit: http://seleniumhq.org/exceptions/no_such_element.html
Build info: version: &apos;3.6.0&apos;, revision: &apos;6fbf3ec767&apos;, time: &apos;2017-09-27T15:28:36.4Z&apos;
System info: host: &apos;IMOBILKO-ПК&apos;, ip: &apos;10.8.0.27&apos;, os.name: &apos;Windows 7&apos;, os.arch: &apos;amd64&apos;, os.version: &apos;6.1&apos;, java.version: &apos;1.8.0_144&apos;
Driver info: driver.version: unknown
	at org.openqa.selenium.support.ui.ExpectedConditions.lambda$findElement$0(ExpectedConditions.java:882)
	at java.util.Optional.orElseThrow(Optional.java:290)
	at org.openqa.selenium.support.ui.ExpectedConditions.findElement(ExpectedConditions.java:881)
	at org.openqa.selenium.support.ui.ExpectedConditions.access$000(ExpectedConditions.java:43)
	at org.openqa.selenium.support.ui.ExpectedConditions$7.apply(ExpectedConditions.java:205)
	at org.openqa.selenium.support.ui.ExpectedConditions$7.apply(ExpectedConditions.java:201)
	at org.openqa.selenium.support.ui.FluentWait.until(FluentWait.java:208)
	... 27 more
... Removed 24 stack frames</div>
</div>
<p class="totop"><a href="#summary">back to summary</a></p>
<h2 id="m12">Test_Pos_SendMessageWithAlias:sendMessageWithAlias</h2>
<div>
<div class="stacktrace">org.openqa.selenium.TimeoutException: Expected condition failed: Element was not found (tried for 30 second(s) with 500 MILLISECONDS interval)
Build info: version: &apos;3.6.0&apos;, revision: &apos;6fbf3ec767&apos;, time: &apos;2017-09-27T15:28:36.4Z&apos;
System info: host: &apos;IMOBILKO-ПК&apos;, ip: &apos;10.8.0.27&apos;, os.name: &apos;Windows 7&apos;, os.arch: &apos;amd64&apos;, os.version: &apos;6.1&apos;, java.version: &apos;1.8.0_144&apos;
Driver info: driver.version: unknown
	at org.openqa.selenium.support.ui.FluentWait.timeoutException(FluentWait.java:263)
	at org.openqa.selenium.support.ui.FluentWait.until(FluentWait.java:231)
	at pageobjects.CreateCampaignPage$AdvancedOptions.addAliasToCampaign(CreateCampaignPage.java:264)
	at Test_Pos_SendMessageWithAlias.sendMessageWithAlias(Test_Pos_SendMessageWithAlias.java:26)
... Removed 24 stack frames</div>
</div>
<p class="totop"><a href="#summary">back to summary</a></p>
<h2 id="m13">Test_Pos_SendMessageWithTags:sendMessageWithTags</h2>
<div>
<div class="stacktrace">org.openqa.selenium.TimeoutException: Expected condition failed: Element was not found (tried for 30 second(s) with 500 MILLISECONDS interval)
	at org.openqa.selenium.support.ui.FluentWait.timeoutException(FluentWait.java:263)
	at org.openqa.selenium.support.ui.FluentWait.until(FluentWait.java:231)
	at pageobjects.CreateCampaignPage$AdvancedOptions.addTagToCampaign(CreateCampaignPage.java:250)
	at Test_Pos_SendMessageWithTags.sendMessageWithTags(Test_Pos_SendMessageWithTags.java:35)
Caused by: org.openqa.selenium.NoSuchElementException: Cannot locate an element using By.cssSelector: a[title=&apos;FF&apos;]
For documentation on this error, please visit: http://seleniumhq.org/exceptions/no_such_element.html
Build info: version: &apos;3.6.0&apos;, revision: &apos;6fbf3ec767&apos;, time: &apos;2017-09-27T15:28:36.4Z&apos;
System info: host: &apos;IMOBILKO-ПК&apos;, ip: &apos;10.8.0.27&apos;, os.name: &apos;Windows 7&apos;, os.arch: &apos;amd64&apos;, os.version: &apos;6.1&apos;, java.version: &apos;1.8.0_144&apos;
Driver info: driver.version: unknown
	at org.openqa.selenium.support.ui.ExpectedConditions.lambda$findElement$0(ExpectedConditions.java:882)
	at java.util.Optional.orElseThrow(Optional.java:290)
	at org.openqa.selenium.support.ui.ExpectedConditions.findElement(ExpectedConditions.java:881)
	at org.openqa.selenium.support.ui.ExpectedConditions.access$000(ExpectedConditions.java:43)
	at org.openqa.selenium.support.ui.ExpectedConditions$7.apply(ExpectedConditions.java:205)
	at org.openqa.selenium.support.ui.ExpectedConditions$7.apply(ExpectedConditions.java:201)
	at org.openqa.selenium.support.ui.FluentWait.until(FluentWait.java:208)
	... 26 more
... Removed 24 stack frames</div>
</div>
<p class="totop"><a href="#summary">back to summary</a></p>
<h2 id="m14">Test_Pos_Subscription:testSubscription</h2>
<div>
<div class="stacktrace">java.lang.AssertionError: The following asserts failed:
	expected [true] but found [false],
	expected [true] but found [false]
	at actions.Verifier.assertTestPassed(Verifier.java:167)
	at Test_Pos_Subscription.testSubscription(Test_Pos_Subscription.java:39)
... Removed 24 stack frames</div>
</div>
<p class="totop"><a href="#summary">back to summary</a></p>
<h2 id="m15">Test_Pos_LogInLogOut:endTest</h2>
<p class="totop"><a href="#summary">back to summary</a></p>
<h2 id="m16">Test_Neg_CreateSite:createSiteNegative</h2>
<p class="totop"><a href="#summary">back to summary</a></p>
<h2 id="m17">Test_Neg_CreateWM:createWMnegative</h2>
<p class="totop"><a href="#summary">back to summary</a></p>
<h2 id="m18">Test_Neg_EditUTM:editUTMNegative</h2>
<p class="totop"><a href="#summary">back to summary</a></p>
<h2 id="m19">Test_Neg_Registration:registrationNegative</h2>
<p class="totop"><a href="#summary">back to summary</a></p>
<h2 id="m20">Test_Neg_RestorePassword:restorePasswordNegative</h2>
<p class="totop"><a href="#summary">back to summary</a></p>
<h2 id="m21">Test_Neg_SendMessage:sendMessageNegative</h2>
<p class="totop"><a href="#summary">back to summary</a></p>
<h2 id="m22">Test_Pos_ChangeSiteIcon:changePicture</h2>
<p class="totop"><a href="#summary">back to summary</a></p>
<h2 id="m23">Test_Pos_CreateHTTPSite:createHttpSitePos</h2>
<p class="totop"><a href="#summary">back to summary</a></p>
<h2 id="m24">Test_Pos_CreateWM:createWM</h2>
<p class="totop"><a href="#summary">back to summary</a></p>
<h2 id="m25">Test_Pos_DeleteDelayedMessage:deleteDelayedMessage</h2>
<p class="totop"><a href="#summary">back to summary</a></p>
<h2 id="m26">Test_Pos_EditUTM:editUTM</h2>
<p class="totop"><a href="#summary">back to summary</a></p>
<h2 id="m27">Test_Pos_LogInLogOut:logInOut</h2>
<p class="totop"><a href="#summary">back to summary</a></p>
<h2 id="m28">Test_Pos_NewSiteMailsMultiLanguage:testCreateSiteMails</h2>
<p class="totop"><a href="#summary">back to summary</a></p>
<h2 id="m29">Test_Pos_RecoverPassMultiLanguage:testRecoverPasswordMail</h2>
<p class="totop"><a href="#summary">back to summary</a></p>
<h2 id="m30">Test_Pos_Registration:registration</h2>
<p class="totop"><a href="#summary">back to summary</a></p>
<h2 id="m31">Test_Pos_RegistrationEmailsMultiLanguage:testRegistrationMails</h2>
<p class="totop"><a href="#summary">back to summary</a></p>
<h2 id="m32">Test_Pos_RestorePassword:restorePassword</h2>
<p class="totop"><a href="#summary">back to summary</a></p>
<h2 id="m33">Test_Pos_SendDelayedMessageImmediately:sendDelayedMessageImmediately</h2>
<p class="totop"><a href="#summary">back to summary</a></p>
<h2 id="m34">Test_Pos_SendMessage:sendMessage</h2>
<p class="totop"><a href="#summary">back to summary</a></p>
<h2 id="m35">Test_Pos_SendMessageWithBigImage:sendMessageWithBIGImage</h2>
<p class="totop"><a href="#summary">back to summary</a></p>
<h2 id="m36">Test_Pos_SendMessageWithButtons:sendMessageWithButtons</h2>
<p class="totop"><a href="#summary">back to summary</a></p>
<h2 id="m37">Test_Pos_SendMessageWithUTM:sendMessageWithUTM</h2>
<p class="totop"><a href="#summary">back to summary</a></p>
<h2 id="m38">Test_Pos_SmokePayment:smokePayment</h2>
<p class="totop"><a href="#summary">back to summary</a></p>
<h2 id="m39">Test_Pos_UseTagsInCampaignFromTagListPage:useTagsInNewCampaignFromTagListPage</h2>
<p class="totop"><a href="#summary">back to summary</a></p>
<center> TestNG Report </center>
</body></html>
